{"/workspace/web_ui/src/MIGRATION_STATUS.ts": {"path":"/workspace/web_ui/src/MIGRATION_STATUS.ts","statementMap":{"0":{"start":{"line":12,"column":13},"end":{"line":94,"column":2}},"1":{"start":{"line":96,"column":13},"end":{"line":105,"column":2}},"2":{"start":{"line":112,"column":26},"end":{"line":129,"column":1}},"3":{"start":{"line":113,"column":19},"end":{"line":117,"column":4}},"4":{"start":{"line":119,"column":20},"end":{"line":121,"column":10}},"5":{"start":{"line":120,"column":14},"end":{"line":120,"column":40}},"6":{"start":{"line":122,"column":16},"end":{"line":122,"column":31}},"7":{"start":{"line":124,"column":2},"end":{"line":128,"column":4}},"8":{"start":{"line":131,"column":13},"end":{"line":131,"column":53}}},"fnMap":{"0":{"name":"(anonymous_0)","decl":{"start":{"line":112,"column":26},"end":{"line":112,"column":29}},"loc":{"start":{"line":112,"column":31},"end":{"line":129,"column":1}}},"1":{"name":"(anonymous_1)","decl":{"start":{"line":120,"column":4},"end":{"line":120,"column":5}},"loc":{"start":{"line":120,"column":14},"end":{"line":120,"column":40}}}},"branchMap":{},"s":{"0":0,"1":0,"2":0,"3":0,"4":0,"5":0,"6":0,"7":0,"8":0},"f":{"0":0,"1":0},"b":{}}
,"/workspace/web_ui/src/config-test.ts": {"path":"/workspace/web_ui/src/config-test.ts","statementMap":{"0":{"start":{"line":16,"column":0},"end":{"line":16,"column":16}},"1":{"start":{"line":24,"column":0},"end":{"line":24,"column":16}},"2":{"start":{"line":6,"column":15},"end":{"line":6,"column":43}},"3":{"start":{"line":9,"column":13},"end":{"line":9,"column":63}},"4":{"start":{"line":17,"column":2},"end":{"line":17,"column":75}},"5":{"start":{"line":17,"column":65},"end":{"line":17,"column":75}},"6":{"start":{"line":18,"column":2},"end":{"line":18,"column":81}},"7":{"start":{"line":25,"column":2},"end":{"line":25,"column":60}},"8":{"start":{"line":36,"column":27},"end":{"line":39,"column":2}},"9":{"start":{"line":42,"column":0},"end":{"line":45,"column":1}},"10":{"start":{"line":43,"column":17},"end":{"line":43,"column":48}},"11":{"start":{"line":44,"column":2},"end":{"line":44,"column":46}},"12":{"start":{"line":47,"column":0},"end":{"line":47,"column":21}}},"fnMap":{"0":{"name":"getThemeColor","decl":{"start":{"line":16,"column":16},"end":{"line":16,"column":29}},"loc":{"start":{"line":16,"column":42},"end":{"line":19,"column":1}}},"1":{"name":"testConfiguration","decl":{"start":{"line":24,"column":16},"end":{"line":24,"column":33}},"loc":{"start":{"line":24,"column":33},"end":{"line":26,"column":1}}}},"branchMap":{"0":{"loc":{"start":{"line":17,"column":2},"end":{"line":17,"column":75}},"type":"if","locations":[{"start":{"line":17,"column":2},"end":{"line":17,"column":75}}]},"1":{"loc":{"start":{"line":17,"column":6},"end":{"line":17,"column":63}},"type":"binary-expr","locations":[{"start":{"line":17,"column":6},"end":{"line":17,"column":35}},{"start":{"line":17,"column":39},"end":{"line":17,"column":63}}]},"2":{"loc":{"start":{"line":18,"column":9},"end":{"line":18,"column":80}},"type":"binary-expr","locations":[{"start":{"line":18,"column":9},"end":{"line":18,"column":74}},{"start":{"line":18,"column":78},"end":{"line":18,"column":80}}]},"3":{"loc":{"start":{"line":42,"column":0},"end":{"line":45,"column":1}},"type":"if","locations":[{"start":{"line":42,"column":0},"end":{"line":45,"column":1}}]}},"s":{"0":0,"1":0,"2":0,"3":0,"4":0,"5":0,"6":0,"7":0,"8":0,"9":0,"10":0,"11":0,"12":0},"f":{"0":0,"1":0},"b":{"0":[0],"1":[0,0],"2":[0,0],"3":[0]}}
,"/workspace/web_ui/src/api/docsApi.ts": {"path":"/workspace/web_ui/src/api/docsApi.ts","statementMap":{"0":{"start":{"line":45,"column":0},"end":{"line":45,"column":22}},"1":{"start":{"line":58,"column":0},"end":{"line":58,"column":22}},"2":{"start":{"line":7,"column":0},"end":{"line":7,"column":44}},"3":{"start":{"line":10,"column":22},"end":{"line":10,"column":33}},"4":{"start":{"line":46,"column":19},"end":{"line":46,"column":57}},"5":{"start":{"line":47,"column":2},"end":{"line":47,"column":51}},"6":{"start":{"line":59,"column":2},"end":{"line":75,"column":null}},"7":{"start":{"line":62,"column":2},"end":{"line":64,"column":3}},"8":{"start":{"line":63,"column":4},"end":{"line":63,"column":14}},"9":{"start":{"line":66,"column":14},"end":{"line":66,"column":81}},"10":{"start":{"line":67,"column":19},"end":{"line":67,"column":35}},"11":{"start":{"line":69,"column":2},"end":{"line":72,"column":3}},"12":{"start":{"line":70,"column":22},"end":{"line":70,"column":43}},"13":{"start":{"line":71,"column":4},"end":{"line":71,"column":87}},"14":{"start":{"line":74,"column":2},"end":{"line":74,"column":53}}},"fnMap":{"0":{"name":"fetchDocSearchStatus","decl":{"start":{"line":45,"column":22},"end":{"line":45,"column":42}},"loc":{"start":{"line":45,"column":42},"end":{"line":48,"column":null}}},"1":{"name":"searchDocumentation","decl":{"start":{"line":58,"column":22},"end":{"line":58,"column":41}},"loc":{"start":{"line":58,"column":41},"end":{"line":75,"column":null}}},"2":{"name":"(anonymous_10)","decl":{"start":{"line":59,"column":2},"end":{"line":59,"column":15}},"loc":{"start":{"line":60,"column":7},"end":{"line":75,"column":1}}}},"branchMap":{"0":{"loc":{"start":{"line":60,"column":2},"end":{"line":60,"column":7}},"type":"default-arg","locations":[{"start":{"line":60,"column":6},"end":{"line":60,"column":7}}]},"1":{"loc":{"start":{"line":62,"column":2},"end":{"line":64,"column":3}},"type":"if","locations":[{"start":{"line":62,"column":2},"end":{"line":64,"column":3}}]},"2":{"loc":{"start":{"line":62,"column":6},"end":{"line":62,"column":39}},"type":"binary-expr","locations":[{"start":{"line":62,"column":6},"end":{"line":62,"column":12}},{"start":{"line":62,"column":16},"end":{"line":62,"column":39}}]},"3":{"loc":{"start":{"line":69,"column":2},"end":{"line":72,"column":3}},"type":"if","locations":[{"start":{"line":69,"column":2},"end":{"line":72,"column":3}}]},"4":{"loc":{"start":{"line":71,"column":20},"end":{"line":71,"column":85}},"type":"binary-expr","locations":[{"start":{"line":71,"column":20},"end":{"line":71,"column":36}},{"start":{"line":71,"column":40},"end":{"line":71,"column":85}}]}},"s":{"0":0,"1":0,"2":0,"3":0,"4":0,"5":0,"6":0,"7":0,"8":0,"9":0,"10":0,"11":0,"12":0,"13":0,"14":0},"f":{"0":0,"1":0,"2":0},"b":{"0":[0],"1":[0],"2":[0,0],"3":[0],"4":[0,0]}}
,"/workspace/web_ui/src/api/endpoints.ts": {"path":"/workspace/web_ui/src/api/endpoints.ts","statementMap":{"0":{"start":{"line":31,"column":0},"end":{"line":31,"column":22}},"1":{"start":{"line":37,"column":0},"end":{"line":37,"column":22}},"2":{"start":{"line":43,"column":0},"end":{"line":43,"column":22}},"3":{"start":{"line":85,"column":0},"end":{"line":85,"column":22}},"4":{"start":{"line":98,"column":0},"end":{"line":98,"column":22}},"5":{"start":{"line":114,"column":0},"end":{"line":114,"column":22}},"6":{"start":{"line":120,"column":0},"end":{"line":120,"column":22}},"7":{"start":{"line":131,"column":0},"end":{"line":131,"column":22}},"8":{"start":{"line":137,"column":0},"end":{"line":137,"column":22}},"9":{"start":{"line":146,"column":0},"end":{"line":146,"column":22}},"10":{"start":{"line":152,"column":0},"end":{"line":152,"column":22}},"11":{"start":{"line":7,"column":0},"end":{"line":7,"column":44}},"12":{"start":{"line":21,"column":17},"end":{"line":21,"column":23}},"13":{"start":{"line":24,"column":36},"end":{"line":28,"column":2}},"14":{"start":{"line":32,"column":19},"end":{"line":32,"column":68}},"15":{"start":{"line":33,"column":2},"end":{"line":33,"column":48}},"16":{"start":{"line":38,"column":19},"end":{"line":38,"column":72}},"17":{"start":{"line":39,"column":2},"end":{"line":39,"column":50}},"18":{"start":{"line":45,"column":19},"end":{"line":45,"column":88}},"19":{"start":{"line":46,"column":24},"end":{"line":46,"column":57}},"20":{"start":{"line":48,"column":20},"end":{"line":67,"column":3}},"21":{"start":{"line":49,"column":41},"end":{"line":49,"column":50}},"22":{"start":{"line":50,"column":16},"end":{"line":50,"column":63}},"23":{"start":{"line":51,"column":4},"end":{"line":55,"column":5}},"24":{"start":{"line":52,"column":6},"end":{"line":52,"column":45}},"25":{"start":{"line":53,"column":11},"end":{"line":55,"column":5}},"26":{"start":{"line":54,"column":6},"end":{"line":54,"column":104}},"27":{"start":{"line":56,"column":4},"end":{"line":66,"column":6}},"28":{"start":{"line":68,"column":2},"end":{"line":70,"column":3}},"29":{"start":{"line":69,"column":4},"end":{"line":69,"column":31}},"30":{"start":{"line":71,"column":2},"end":{"line":74,"column":3}},"31":{"start":{"line":73,"column":4},"end":{"line":73,"column":114}},"32":{"start":{"line":73,"column":70},"end":{"line":73,"column":112}},"33":{"start":{"line":75,"column":2},"end":{"line":75,"column":12}},"34":{"start":{"line":90,"column":19},"end":{"line":93,"column":null}},"35":{"start":{"line":95,"column":2},"end":{"line":95,"column":50}},"36":{"start":{"line":100,"column":17},"end":{"line":100,"column":36}},"37":{"start":{"line":101,"column":33},"end":{"line":101,"column":35}},"38":{"start":{"line":102,"column":2},"end":{"line":109,"column":3}},"39":{"start":{"line":103,"column":4},"end":{"line":108,"column":5}},"40":{"start":{"line":104,"column":22},"end":{"line":104,"column":106}},"41":{"start":{"line":105,"column":6},"end":{"line":105,"column":28}},"42":{"start":{"line":110,"column":2},"end":{"line":110,"column":17}},"43":{"start":{"line":115,"column":19},"end":{"line":115,"column":78}},"44":{"start":{"line":116,"column":2},"end":{"line":116,"column":54}},"45":{"start":{"line":121,"column":2},"end":{"line":128,"column":null}},"46":{"start":{"line":123,"column":19},"end":{"line":125,"column":null}},"47":{"start":{"line":127,"column":2},"end":{"line":127,"column":51}},"48":{"start":{"line":132,"column":19},"end":{"line":132,"column":79}},"49":{"start":{"line":133,"column":2},"end":{"line":133,"column":54}},"50":{"start":{"line":138,"column":19},"end":{"line":140,"column":null}},"51":{"start":{"line":142,"column":2},"end":{"line":142,"column":51}},"52":{"start":{"line":147,"column":19},"end":{"line":147,"column":66}},"53":{"start":{"line":148,"column":2},"end":{"line":148,"column":50}},"54":{"start":{"line":153,"column":19},"end":{"line":153,"column":73}},"55":{"start":{"line":154,"column":2},"end":{"line":154,"column":53}}},"fnMap":{"0":{"name":"fetchAppHealth","decl":{"start":{"line":31,"column":22},"end":{"line":31,"column":36}},"loc":{"start":{"line":31,"column":36},"end":{"line":34,"column":null}}},"1":{"name":"fetchCanStatus","decl":{"start":{"line":37,"column":22},"end":{"line":37,"column":36}},"loc":{"start":{"line":37,"column":36},"end":{"line":40,"column":null}}},"2":{"name":"fetchLights","decl":{"start":{"line":43,"column":22},"end":{"line":43,"column":33}},"loc":{"start":{"line":43,"column":33},"end":{"line":76,"column":null}}},"3":{"name":"(anonymous_13)","decl":{"start":{"line":48,"column":20},"end":{"line":48,"column":21}},"loc":{"start":{"line":48,"column":67},"end":{"line":67,"column":3}}},"4":{"name":"(anonymous_14)","decl":{"start":{"line":73,"column":62},"end":{"line":73,"column":66}},"loc":{"start":{"line":73,"column":70},"end":{"line":73,"column":112}}},"5":{"name":"setLightState","decl":{"start":{"line":85,"column":22},"end":{"line":85,"column":35}},"loc":{"start":{"line":87,"column":23},"end":{"line":96,"column":null}}},"6":{"name":"setAllLights","decl":{"start":{"line":98,"column":22},"end":{"line":98,"column":34}},"loc":{"start":{"line":98,"column":49},"end":{"line":111,"column":null}}},"7":{"name":"fetchDeviceMappings","decl":{"start":{"line":114,"column":22},"end":{"line":114,"column":41}},"loc":{"start":{"line":114,"column":41},"end":{"line":117,"column":null}}},"8":{"name":"fetchRecentCanMessages","decl":{"start":{"line":120,"column":22},"end":{"line":120,"column":44}},"loc":{"start":{"line":120,"column":44},"end":{"line":128,"column":null}}},"9":{"name":"(anonymous_22)","decl":{"start":{"line":121,"column":2},"end":{"line":121,"column":7}},"loc":{"start":{"line":121,"column":13},"end":{"line":128,"column":1}}},"10":{"name":"fetchUnmappedEntries","decl":{"start":{"line":131,"column":22},"end":{"line":131,"column":42}},"loc":{"start":{"line":131,"column":42},"end":{"line":134,"column":null}}},"11":{"name":"fetchUnknownPgns","decl":{"start":{"line":137,"column":22},"end":{"line":137,"column":38}},"loc":{"start":{"line":137,"column":38},"end":{"line":143,"column":null}}},"12":{"name":"fetchRvcSpec","decl":{"start":{"line":146,"column":22},"end":{"line":146,"column":34}},"loc":{"start":{"line":146,"column":34},"end":{"line":149,"column":null}}},"13":{"name":"fetchNetworkMap","decl":{"start":{"line":152,"column":22},"end":{"line":152,"column":37}},"loc":{"start":{"line":152,"column":37},"end":{"line":155,"column":null}}}},"branchMap":{"0":{"loc":{"start":{"line":51,"column":4},"end":{"line":55,"column":5}},"type":"if","locations":[{"start":{"line":51,"column":4},"end":{"line":55,"column":5}},{"start":{"line":53,"column":11},"end":{"line":55,"column":5}}]},"1":{"loc":{"start":{"line":53,"column":11},"end":{"line":55,"column":5}},"type":"if","locations":[{"start":{"line":53,"column":11},"end":{"line":55,"column":5}}]},"2":{"loc":{"start":{"line":53,"column":15},"end":{"line":53,"column":62}},"type":"binary-expr","locations":[{"start":{"line":53,"column":15},"end":{"line":53,"column":18}},{"start":{"line":53,"column":22},"end":{"line":53,"column":62}}]},"3":{"loc":{"start":{"line":57,"column":11},"end":{"line":57,"column":65}},"type":"binary-expr","locations":[{"start":{"line":57,"column":11},"end":{"line":57,"column":29}},{"start":{"line":57,"column":34},"end":{"line":57,"column":59}},{"start":{"line":57,"column":63},"end":{"line":57,"column":65}}]},"4":{"loc":{"start":{"line":58,"column":13},"end":{"line":58,"column":133}},"type":"binary-expr","locations":[{"start":{"line":58,"column":13},"end":{"line":58,"column":33}},{"start":{"line":58,"column":38},"end":{"line":58,"column":67}},{"start":{"line":58,"column":72},"end":{"line":58,"column":90}},{"start":{"line":58,"column":95},"end":{"line":58,"column":120}},{"start":{"line":58,"column":124},"end":{"line":58,"column":133}}]},"5":{"loc":{"start":{"line":59,"column":16},"end":{"line":59,"column":46}},"type":"cond-expr","locations":[{"start":{"line":59,"column":41},"end":{"line":59,"column":45}},{"start":{"line":59,"column":45},"end":{"line":59,"column":46}}]},"6":{"loc":{"start":{"line":59,"column":16},"end":{"line":59,"column":45}},"type":"binary-expr","locations":[{"start":{"line":59,"column":16},"end":{"line":59,"column":45}},{"start":{"line":59,"column":41},"end":{"line":59,"column":45}}]},"7":{"loc":{"start":{"line":60,"column":12},"end":{"line":60,"column":38}},"type":"cond-expr","locations":[{"start":{"line":60,"column":33},"end":{"line":60,"column":37}},{"start":{"line":60,"column":37},"end":{"line":60,"column":38}}]},"8":{"loc":{"start":{"line":60,"column":12},"end":{"line":60,"column":37}},"type":"binary-expr","locations":[{"start":{"line":60,"column":12},"end":{"line":60,"column":37}},{"start":{"line":60,"column":33},"end":{"line":60,"column":37}}]},"9":{"loc":{"start":{"line":61,"column":13},"end":{"line":61,"column":92}},"type":"cond-expr","locations":[{"start":{"line":61,"column":48},"end":{"line":61,"column":70}},{"start":{"line":61,"column":73},"end":{"line":61,"column":92}}]},"10":{"loc":{"start":{"line":62,"column":13},"end":{"line":62,"column":71}},"type":"binary-expr","locations":[{"start":{"line":62,"column":13},"end":{"line":62,"column":33}},{"start":{"line":62,"column":38},"end":{"line":62,"column":65}},{"start":{"line":62,"column":69},"end":{"line":62,"column":71}}]},"11":{"loc":{"start":{"line":63,"column":17},"end":{"line":63,"column":82}},"type":"binary-expr","locations":[{"start":{"line":63,"column":17},"end":{"line":63,"column":41}},{"start":{"line":63,"column":46},"end":{"line":63,"column":76}},{"start":{"line":63,"column":80},"end":{"line":63,"column":82}}]},"12":{"loc":{"start":{"line":64,"column":21},"end":{"line":64,"column":55}},"type":"binary-expr","locations":[{"start":{"line":64,"column":21},"end":{"line":64,"column":49}},{"start":{"line":64,"column":53},"end":{"line":64,"column":55}}]},"13":{"loc":{"start":{"line":68,"column":2},"end":{"line":70,"column":3}},"type":"if","locations":[{"start":{"line":68,"column":2},"end":{"line":70,"column":3}}]},"14":{"loc":{"start":{"line":71,"column":2},"end":{"line":74,"column":3}},"type":"if","locations":[{"start":{"line":71,"column":2},"end":{"line":74,"column":3}}]},"15":{"loc":{"start":{"line":71,"column":6},"end":{"line":71,"column":38}},"type":"binary-expr","locations":[{"start":{"line":71,"column":6},"end":{"line":71,"column":10}},{"start":{"line":71,"column":14},"end":{"line":71,"column":38}}]},"16":{"loc":{"start":{"line":104,"column":83},"end":{"line":104,"column":103}},"type":"cond-expr","locations":[{"start":{"line":104,"column":91},"end":{"line":104,"column":95}},{"start":{"line":104,"column":98},"end":{"line":104,"column":103}}]},"17":{"loc":{"start":{"line":121,"column":2},"end":{"line":121,"column":13}},"type":"default-arg","locations":[{"start":{"line":121,"column":10},"end":{"line":121,"column":13}}]}},"s":{"0":0,"1":0,"2":0,"3":0,"4":0,"5":0,"6":0,"7":0,"8":0,"9":0,"10":0,"11":0,"12":0,"13":0,"14":0,"15":0,"16":0,"17":0,"18":0,"19":0,"20":0,"21":0,"22":0,"23":0,"24":0,"25":0,"26":0,"27":0,"28":0,"29":0,"30":0,"31":0,"32":0,"33":0,"34":0,"35":0,"36":0,"37":0,"38":0,"39":0,"40":0,"41":0,"42":0,"43":0,"44":0,"45":0,"46":0,"47":0,"48":0,"49":0,"50":0,"51":0,"52":0,"53":0,"54":0,"55":0},"f":{"0":0,"1":0,"2":0,"3":0,"4":0,"5":0,"6":0,"7":0,"8":0,"9":0,"10":0,"11":0,"12":0,"13":0},"b":{"0":[0,0],"1":[0],"2":[0,0],"3":[0,0,0],"4":[0,0,0,0,0],"5":[0,0],"6":[0,0],"7":[0,0],"8":[0,0],"9":[0,0],"10":[0,0,0],"11":[0,0,0],"12":[0,0],"13":[0],"14":[0],"15":[0,0],"16":[0,0],"17":[0]}}
,"/workspace/web_ui/src/api/index.ts": {"path":"/workspace/web_ui/src/api/index.ts","statementMap":{"0":{"start":{"line":19,"column":0},"end":{"line":19,"column":22}},"1":{"start":{"line":7,"column":0},"end":{"line":7,"column":26}},"2":{"start":{"line":8,"column":0},"end":{"line":8,"column":28}},"3":{"start":{"line":20,"column":2},"end":{"line":23,"column":3}},"4":{"start":{"line":21,"column":22},"end":{"line":21,"column":43}},"5":{"start":{"line":22,"column":4},"end":{"line":22,"column":66}},"6":{"start":{"line":24,"column":2},"end":{"line":24,"column":38}}},"fnMap":{"0":{"name":"handleApiResponse","decl":{"start":{"line":19,"column":22},"end":{"line":19,"column":39}},"loc":{"start":{"line":19,"column":61},"end":{"line":25,"column":null}}}},"branchMap":{"0":{"loc":{"start":{"line":20,"column":2},"end":{"line":23,"column":3}},"type":"if","locations":[{"start":{"line":20,"column":2},"end":{"line":23,"column":3}}]},"1":{"loc":{"start":{"line":22,"column":20},"end":{"line":22,"column":64}},"type":"binary-expr","locations":[{"start":{"line":22,"column":20},"end":{"line":22,"column":29}},{"start":{"line":22,"column":33},"end":{"line":22,"column":64}}]}},"s":{"0":0,"1":0,"2":0,"3":0,"4":0,"5":0,"6":0},"f":{"0":0},"b":{"0":[0],"1":[0,0]}}
,"/workspace/web_ui/src/hooks/index.ts": {"path":"/workspace/web_ui/src/hooks/index.ts","statementMap":{"0":{"start":{"line":1,"column":0},"end":{"line":1,"column":9}},"1":{"start":{"line":1,"column":9},"end":{"line":1,"column":46}}},"fnMap":{"0":{"name":"(anonymous_0)","decl":{"start":{"line":1,"column":9},"end":{"line":1,"column":21}},"loc":{"start":{"line":1,"column":9},"end":{"line":1,"column":46}}}},"branchMap":{},"s":{"0":0,"1":0},"f":{"0":0},"b":{}}
,"/workspace/web_ui/src/hooks/useWebSocket.ts": {"path":"/workspace/web_ui/src/hooks/useWebSocket.ts","statementMap":{"0":{"start":{"line":54,"column":0},"end":{"line":54,"column":16}},"1":{"start":{"line":1,"column":0},"end":{"line":1,"column":65}},"2":{"start":{"line":2,"column":0},"end":{"line":2,"column":50}},"3":{"start":{"line":65,"column":30},"end":{"line":65,"column":69}},"4":{"start":{"line":66,"column":34},"end":{"line":66,"column":51}},"5":{"start":{"line":67,"column":16},"end":{"line":67,"column":46}},"6":{"start":{"line":68,"column":25},"end":{"line":68,"column":34}},"7":{"start":{"line":69,"column":26},"end":{"line":69,"column":38}},"8":{"start":{"line":71,"column":18},"end":{"line":109,"column":87}},"9":{"start":{"line":72,"column":16},"end":{"line":72,"column":37}},"10":{"start":{"line":73,"column":4},"end":{"line":73,"column":28}},"11":{"start":{"line":74,"column":15},"end":{"line":74,"column":33}},"12":{"start":{"line":75,"column":4},"end":{"line":75,"column":23}},"13":{"start":{"line":77,"column":4},"end":{"line":81,"column":6}},"14":{"start":{"line":78,"column":6},"end":{"line":78,"column":24}},"15":{"start":{"line":79,"column":6},"end":{"line":79,"column":33}},"16":{"start":{"line":80,"column":6},"end":{"line":80,"column":17}},"17":{"start":{"line":83,"column":4},"end":{"line":93,"column":6}},"18":{"start":{"line":85,"column":6},"end":{"line":90,"column":7}},"19":{"start":{"line":86,"column":8},"end":{"line":86,"column":38}},"20":{"start":{"line":89,"column":8},"end":{"line":89,"column":31}},"21":{"start":{"line":91,"column":6},"end":{"line":91,"column":50}},"22":{"start":{"line":91,"column":28},"end":{"line":91,"column":48}},"23":{"start":{"line":92,"column":6},"end":{"line":92,"column":24}},"24":{"start":{"line":95,"column":4},"end":{"line":102,"column":6}},"25":{"start":{"line":96,"column":6},"end":{"line":96,"column":26}},"26":{"start":{"line":97,"column":6},"end":{"line":97,"column":18}},"27":{"start":{"line":98,"column":6},"end":{"line":101,"column":7}},"28":{"start":{"line":99,"column":8},"end":{"line":99,"column":36}},"29":{"start":{"line":100,"column":8},"end":{"line":100,"column":47}},"30":{"start":{"line":104,"column":4},"end":{"line":108,"column":6}},"31":{"start":{"line":105,"column":6},"end":{"line":105,"column":25}},"32":{"start":{"line":106,"column":6},"end":{"line":106,"column":23}},"33":{"start":{"line":107,"column":6},"end":{"line":107,"column":17}},"34":{"start":{"line":111,"column":2},"end":{"line":118,"column":16}},"35":{"start":{"line":112,"column":4},"end":{"line":112,"column":35}},"36":{"start":{"line":113,"column":4},"end":{"line":113,"column":14}},"37":{"start":{"line":114,"column":4},"end":{"line":117,"column":6}},"38":{"start":{"line":115,"column":6},"end":{"line":115,"column":38}},"39":{"start":{"line":116,"column":6},"end":{"line":116,"column":29}},"40":{"start":{"line":120,"column":22},"end":{"line":126,"column":8}},"41":{"start":{"line":121,"column":4},"end":{"line":125,"column":5}},"42":{"start":{"line":122,"column":6},"end":{"line":124,"column":8}},"43":{"start":{"line":128,"column":2},"end":{"line":136,"column":4}}},"fnMap":{"0":{"name":"useWebSocket","decl":{"start":{"line":54,"column":16},"end":{"line":54,"column":28}},"loc":{"start":{"line":63,"column":29},"end":{"line":137,"column":1}}},"1":{"name":"(anonymous_1)","decl":{"start":{"line":71,"column":30},"end":{"line":71,"column":33}},"loc":{"start":{"line":71,"column":35},"end":{"line":109,"column":3}}},"2":{"name":"(anonymous_2)","decl":{"start":{"line":77,"column":16},"end":{"line":77,"column":19}},"loc":{"start":{"line":77,"column":21},"end":{"line":81,"column":5}}},"3":{"name":"(anonymous_3)","decl":{"start":{"line":83,"column":19},"end":{"line":83,"column":20}},"loc":{"start":{"line":83,"column":29},"end":{"line":93,"column":5}}},"4":{"name":"(anonymous_4)","decl":{"start":{"line":91,"column":18},"end":{"line":91,"column":19}},"loc":{"start":{"line":91,"column":28},"end":{"line":91,"column":48}}},"5":{"name":"(anonymous_5)","decl":{"start":{"line":95,"column":17},"end":{"line":95,"column":20}},"loc":{"start":{"line":95,"column":22},"end":{"line":102,"column":5}}},"6":{"name":"(anonymous_6)","decl":{"start":{"line":104,"column":17},"end":{"line":104,"column":18}},"loc":{"start":{"line":104,"column":27},"end":{"line":108,"column":5}}},"7":{"name":"(anonymous_7)","decl":{"start":{"line":111,"column":12},"end":{"line":111,"column":15}},"loc":{"start":{"line":111,"column":17},"end":{"line":118,"column":3}}},"8":{"name":"(anonymous_8)","decl":{"start":{"line":114,"column":11},"end":{"line":114,"column":14}},"loc":{"start":{"line":114,"column":16},"end":{"line":117,"column":5}}},"9":{"name":"(anonymous_9)","decl":{"start":{"line":120,"column":34},"end":{"line":120,"column":35}},"loc":{"start":{"line":120,"column":51},"end":{"line":126,"column":3}}}},"branchMap":{"0":{"loc":{"start":{"line":56,"column":2},"end":{"line":63,"column":29}},"type":"default-arg","locations":[{"start":{"line":63,"column":27},"end":{"line":63,"column":29}}]},"1":{"loc":{"start":{"line":58,"column":4},"end":{"line":58,"column":28}},"type":"default-arg","locations":[{"start":{"line":58,"column":24},"end":{"line":58,"column":28}}]},"2":{"loc":{"start":{"line":59,"column":4},"end":{"line":59,"column":26}},"type":"default-arg","locations":[{"start":{"line":59,"column":24},"end":{"line":59,"column":26}}]},"3":{"loc":{"start":{"line":80,"column":6},"end":{"line":80,"column":16}},"type":"cond-expr","locations":[{"start":{"line":80,"column":12},"end":{"line":80,"column":16}},{"start":{"line":80,"column":6},"end":{"line":80,"column":16}}]},"4":{"loc":{"start":{"line":80,"column":6},"end":{"line":80,"column":16}},"type":"binary-expr","locations":[{"start":{"line":80,"column":6},"end":{"line":80,"column":16}},{"start":{"line":80,"column":6},"end":{"line":80,"column":16}}]},"5":{"loc":{"start":{"line":92,"column":6},"end":{"line":92,"column":23}},"type":"cond-expr","locations":[{"start":{"line":92,"column":15},"end":{"line":92,"column":18}},{"start":{"line":92,"column":6},"end":{"line":92,"column":23}}]},"6":{"loc":{"start":{"line":92,"column":6},"end":{"line":92,"column":18}},"type":"binary-expr","locations":[{"start":{"line":92,"column":6},"end":{"line":92,"column":18}},{"start":{"line":92,"column":6},"end":{"line":92,"column":18}}]},"7":{"loc":{"start":{"line":97,"column":6},"end":{"line":97,"column":17}},"type":"cond-expr","locations":[{"start":{"line":97,"column":13},"end":{"line":97,"column":17}},{"start":{"line":97,"column":6},"end":{"line":97,"column":17}}]},"8":{"loc":{"start":{"line":97,"column":6},"end":{"line":97,"column":17}},"type":"binary-expr","locations":[{"start":{"line":97,"column":6},"end":{"line":97,"column":17}},{"start":{"line":97,"column":6},"end":{"line":97,"column":17}}]},"9":{"loc":{"start":{"line":98,"column":6},"end":{"line":101,"column":7}},"type":"if","locations":[{"start":{"line":98,"column":6},"end":{"line":101,"column":7}}]},"10":{"loc":{"start":{"line":98,"column":10},"end":{"line":98,"column":79}},"type":"binary-expr","locations":[{"start":{"line":98,"column":10},"end":{"line":98,"column":33}},{"start":{"line":98,"column":37},"end":{"line":98,"column":79}}]},"11":{"loc":{"start":{"line":106,"column":6},"end":{"line":106,"column":22}},"type":"cond-expr","locations":[{"start":{"line":106,"column":13},"end":{"line":106,"column":16}},{"start":{"line":106,"column":6},"end":{"line":106,"column":22}}]},"12":{"loc":{"start":{"line":106,"column":6},"end":{"line":106,"column":16}},"type":"binary-expr","locations":[{"start":{"line":106,"column":6},"end":{"line":106,"column":16}},{"start":{"line":106,"column":6},"end":{"line":106,"column":16}}]},"13":{"loc":{"start":{"line":116,"column":6},"end":{"line":116,"column":28}},"type":"cond-expr","locations":[{"start":{"line":116,"column":19},"end":{"line":116,"column":21}},{"start":{"line":116,"column":19},"end":{"line":116,"column":28}}]},"14":{"loc":{"start":{"line":116,"column":6},"end":{"line":116,"column":21}},"type":"binary-expr","locations":[{"start":{"line":116,"column":6},"end":{"line":116,"column":21}},{"start":{"line":116,"column":19},"end":{"line":116,"column":21}}]},"15":{"loc":{"start":{"line":121,"column":4},"end":{"line":125,"column":5}},"type":"if","locations":[{"start":{"line":121,"column":4},"end":{"line":125,"column":5}}]},"16":{"loc":{"start":{"line":121,"column":8},"end":{"line":121,"column":68}},"type":"binary-expr","locations":[{"start":{"line":121,"column":8},"end":{"line":121,"column":21}},{"start":{"line":121,"column":25},"end":{"line":121,"column":68}}]},"17":{"loc":{"start":{"line":123,"column":8},"end":{"line":123,"column":59}},"type":"cond-expr","locations":[{"start":{"line":123,"column":34},"end":{"line":123,"column":37}},{"start":{"line":123,"column":40},"end":{"line":123,"column":59}}]}},"s":{"0":0,"1":0,"2":0,"3":0,"4":0,"5":0,"6":0,"7":0,"8":0,"9":0,"10":0,"11":0,"12":0,"13":0,"14":0,"15":0,"16":0,"17":0,"18":0,"19":0,"20":0,"21":0,"22":0,"23":0,"24":0,"25":0,"26":0,"27":0,"28":0,"29":0,"30":0,"31":0,"32":0,"33":0,"34":0,"35":0,"36":0,"37":0,"38":0,"39":0,"40":0,"41":0,"42":0,"43":0},"f":{"0":0,"1":0,"2":0,"3":0,"4":0,"5":0,"6":0,"7":0,"8":0,"9":0},"b":{"0":[0],"1":[0],"2":[0],"3":[0,0],"4":[0,0],"5":[0,0],"6":[0,0],"7":[0,0],"8":[0,0],"9":[0],"10":[0,0],"11":[0,0],"12":[0,0],"13":[0,0],"14":[0,0],"15":[0],"16":[0,0],"17":[0,0]}}
,"/workspace/web_ui/src/utils/date.ts": {"path":"/workspace/web_ui/src/utils/date.ts","statementMap":{"0":{"start":{"line":8,"column":0},"end":{"line":8,"column":16}},"1":{"start":{"line":30,"column":0},"end":{"line":30,"column":16}},"2":{"start":{"line":9,"column":2},"end":{"line":22,"column":3}},"3":{"start":{"line":10,"column":17},"end":{"line":10,"column":37}},"4":{"start":{"line":11,"column":4},"end":{"line":18,"column":20}},"5":{"start":{"line":20,"column":4},"end":{"line":20,"column":51}},"6":{"start":{"line":21,"column":4},"end":{"line":21,"column":22}},"7":{"start":{"line":31,"column":2},"end":{"line":65,"column":3}},"8":{"start":{"line":32,"column":17},"end":{"line":32,"column":37}},"9":{"start":{"line":33,"column":16},"end":{"line":33,"column":26}},"10":{"start":{"line":34,"column":26},"end":{"line":34,"column":77}},"11":{"start":{"line":36,"column":4},"end":{"line":38,"column":5}},"12":{"start":{"line":37,"column":6},"end":{"line":37,"column":76}},"13":{"start":{"line":40,"column":26},"end":{"line":40,"column":56}},"14":{"start":{"line":41,"column":4},"end":{"line":43,"column":5}},"15":{"start":{"line":42,"column":6},"end":{"line":42,"column":76}},"16":{"start":{"line":45,"column":24},"end":{"line":45,"column":54}},"17":{"start":{"line":46,"column":4},"end":{"line":48,"column":5}},"18":{"start":{"line":47,"column":6},"end":{"line":47,"column":70}},"19":{"start":{"line":50,"column":23},"end":{"line":50,"column":51}},"20":{"start":{"line":51,"column":4},"end":{"line":53,"column":5}},"21":{"start":{"line":52,"column":6},"end":{"line":52,"column":67}},"22":{"start":{"line":55,"column":25},"end":{"line":55,"column":52}},"23":{"start":{"line":56,"column":4},"end":{"line":58,"column":5}},"24":{"start":{"line":57,"column":6},"end":{"line":57,"column":73}},"25":{"start":{"line":60,"column":24},"end":{"line":60,"column":53}},"26":{"start":{"line":61,"column":4},"end":{"line":61,"column":68}},"27":{"start":{"line":63,"column":4},"end":{"line":63,"column":56}},"28":{"start":{"line":64,"column":4},"end":{"line":64,"column":22}}},"fnMap":{"0":{"name":"formatDate","decl":{"start":{"line":8,"column":16},"end":{"line":8,"column":26}},"loc":{"start":{"line":8,"column":45},"end":{"line":23,"column":1}}},"1":{"name":"timeAgo","decl":{"start":{"line":30,"column":16},"end":{"line":30,"column":23}},"loc":{"start":{"line":30,"column":42},"end":{"line":66,"column":1}}}},"branchMap":{"0":{"loc":{"start":{"line":36,"column":4},"end":{"line":38,"column":5}},"type":"if","locations":[{"start":{"line":36,"column":4},"end":{"line":38,"column":5}}]},"1":{"loc":{"start":{"line":37,"column":39},"end":{"line":37,"column":69}},"type":"cond-expr","locations":[{"start":{"line":37,"column":61},"end":{"line":37,"column":63}},{"start":{"line":37,"column":66},"end":{"line":37,"column":69}}]},"2":{"loc":{"start":{"line":41,"column":4},"end":{"line":43,"column":5}},"type":"if","locations":[{"start":{"line":41,"column":4},"end":{"line":43,"column":5}}]},"3":{"loc":{"start":{"line":42,"column":39},"end":{"line":42,"column":69}},"type":"cond-expr","locations":[{"start":{"line":42,"column":61},"end":{"line":42,"column":63}},{"start":{"line":42,"column":66},"end":{"line":42,"column":69}}]},"4":{"loc":{"start":{"line":46,"column":4},"end":{"line":48,"column":5}},"type":"if","locations":[{"start":{"line":46,"column":4},"end":{"line":48,"column":5}}]},"5":{"loc":{"start":{"line":47,"column":35},"end":{"line":47,"column":63}},"type":"cond-expr","locations":[{"start":{"line":47,"column":55},"end":{"line":47,"column":57}},{"start":{"line":47,"column":60},"end":{"line":47,"column":63}}]},"6":{"loc":{"start":{"line":51,"column":4},"end":{"line":53,"column":5}},"type":"if","locations":[{"start":{"line":51,"column":4},"end":{"line":53,"column":5}}]},"7":{"loc":{"start":{"line":52,"column":33},"end":{"line":52,"column":60}},"type":"cond-expr","locations":[{"start":{"line":52,"column":52},"end":{"line":52,"column":54}},{"start":{"line":52,"column":57},"end":{"line":52,"column":60}}]},"8":{"loc":{"start":{"line":56,"column":4},"end":{"line":58,"column":5}},"type":"if","locations":[{"start":{"line":56,"column":4},"end":{"line":58,"column":5}}]},"9":{"loc":{"start":{"line":57,"column":37},"end":{"line":57,"column":66}},"type":"cond-expr","locations":[{"start":{"line":57,"column":58},"end":{"line":57,"column":60}},{"start":{"line":57,"column":63},"end":{"line":57,"column":66}}]},"10":{"loc":{"start":{"line":61,"column":33},"end":{"line":61,"column":61}},"type":"cond-expr","locations":[{"start":{"line":61,"column":53},"end":{"line":61,"column":55}},{"start":{"line":61,"column":58},"end":{"line":61,"column":61}}]}},"s":{"0":0,"1":0,"2":0,"3":0,"4":0,"5":0,"6":0,"7":0,"8":0,"9":0,"10":0,"11":0,"12":0,"13":0,"14":0,"15":0,"16":0,"17":0,"18":0,"19":0,"20":0,"21":0,"22":0,"23":0,"24":0,"25":0,"26":0,"27":0,"28":0},"f":{"0":0,"1":0},"b":{"0":[0],"1":[0,0],"2":[0],"3":[0,0],"4":[0],"5":[0,0],"6":[0],"7":[0,0],"8":[0],"9":[0,0],"10":[0,0]}}
,"/workspace/web_ui/src/utils/format.ts": {"path":"/workspace/web_ui/src/utils/format.ts","statementMap":{"0":{"start":{"line":9,"column":0},"end":{"line":9,"column":16}},"1":{"start":{"line":18,"column":0},"end":{"line":18,"column":16}},"2":{"start":{"line":30,"column":0},"end":{"line":30,"column":16}},"3":{"start":{"line":47,"column":0},"end":{"line":47,"column":16}},"4":{"start":{"line":59,"column":0},"end":{"line":59,"column":16}},"5":{"start":{"line":70,"column":0},"end":{"line":70,"column":16}},"6":{"start":{"line":81,"column":0},"end":{"line":81,"column":16}},"7":{"start":{"line":10,"column":2},"end":{"line":10,"column":72}},"8":{"start":{"line":19,"column":2},"end":{"line":21,"column":15}},"9":{"start":{"line":20,"column":16},"end":{"line":20,"column":61}},"10":{"start":{"line":31,"column":2},"end":{"line":31,"column":36}},"11":{"start":{"line":31,"column":19},"end":{"line":31,"column":36}},"12":{"start":{"line":33,"column":12},"end":{"line":33,"column":16}},"13":{"start":{"line":34,"column":16},"end":{"line":34,"column":55}},"14":{"start":{"line":35,"column":12},"end":{"line":35,"column":53}},"15":{"start":{"line":36,"column":2},"end":{"line":38,"column":5}},"16":{"start":{"line":48,"column":2},"end":{"line":48,"column":22}},"17":{"start":{"line":48,"column":12},"end":{"line":48,"column":22}},"18":{"start":{"line":49,"column":2},"end":{"line":49,"column":42}},"19":{"start":{"line":49,"column":31},"end":{"line":49,"column":42}},"20":{"start":{"line":50,"column":2},"end":{"line":50,"column":49}},"21":{"start":{"line":60,"column":2},"end":{"line":60,"column":59}},"22":{"start":{"line":60,"column":49},"end":{"line":60,"column":59}},"23":{"start":{"line":61,"column":2},"end":{"line":61,"column":50}},"24":{"start":{"line":71,"column":2},"end":{"line":71,"column":59}},"25":{"start":{"line":71,"column":49},"end":{"line":71,"column":59}},"26":{"start":{"line":72,"column":2},"end":{"line":72,"column":39}},"27":{"start":{"line":82,"column":2},"end":{"line":82,"column":62}},"28":{"start":{"line":82,"column":45},"end":{"line":82,"column":62}},"29":{"start":{"line":83,"column":2},"end":{"line":83,"column":63}}},"fnMap":{"0":{"name":"toHex","decl":{"start":{"line":9,"column":16},"end":{"line":9,"column":21}},"loc":{"start":{"line":9,"column":48},"end":{"line":11,"column":1}}},"1":{"name":"bytesToHexString","decl":{"start":{"line":18,"column":16},"end":{"line":18,"column":32}},"loc":{"start":{"line":18,"column":47},"end":{"line":22,"column":1}}},"2":{"name":"(anonymous_2)","decl":{"start":{"line":20,"column":9},"end":{"line":20,"column":10}},"loc":{"start":{"line":20,"column":16},"end":{"line":20,"column":61}}},"3":{"name":"formatFileSize","decl":{"start":{"line":30,"column":16},"end":{"line":30,"column":30}},"loc":{"start":{"line":30,"column":58},"end":{"line":39,"column":1}}},"4":{"name":"truncate","decl":{"start":{"line":47,"column":16},"end":{"line":47,"column":24}},"loc":{"start":{"line":47,"column":52},"end":{"line":51,"column":1}}},"5":{"name":"formatNumber","decl":{"start":{"line":59,"column":16},"end":{"line":59,"column":28}},"loc":{"start":{"line":59,"column":78},"end":{"line":62,"column":1}}},"6":{"name":"formatPercentage","decl":{"start":{"line":70,"column":16},"end":{"line":70,"column":32}},"loc":{"start":{"line":70,"column":60},"end":{"line":73,"column":1}}},"7":{"name":"formatHexColor","decl":{"start":{"line":81,"column":16},"end":{"line":81,"column":30}},"loc":{"start":{"line":81,"column":42},"end":{"line":84,"column":1}}}},"branchMap":{"0":{"loc":{"start":{"line":9,"column":35},"end":{"line":9,"column":48}},"type":"default-arg","locations":[{"start":{"line":9,"column":47},"end":{"line":9,"column":48}}]},"1":{"loc":{"start":{"line":30,"column":46},"end":{"line":30,"column":58}},"type":"default-arg","locations":[{"start":{"line":30,"column":57},"end":{"line":30,"column":58}}]},"2":{"loc":{"start":{"line":31,"column":2},"end":{"line":31,"column":36}},"type":"if","locations":[{"start":{"line":31,"column":2},"end":{"line":31,"column":36}}]},"3":{"loc":{"start":{"line":47,"column":38},"end":{"line":47,"column":52}},"type":"default-arg","locations":[{"start":{"line":47,"column":50},"end":{"line":47,"column":52}}]},"4":{"loc":{"start":{"line":48,"column":2},"end":{"line":48,"column":22}},"type":"if","locations":[{"start":{"line":48,"column":2},"end":{"line":48,"column":22}}]},"5":{"loc":{"start":{"line":49,"column":2},"end":{"line":49,"column":42}},"type":"if","locations":[{"start":{"line":49,"column":2},"end":{"line":49,"column":42}}]},"6":{"loc":{"start":{"line":60,"column":2},"end":{"line":60,"column":59}},"type":"if","locations":[{"start":{"line":60,"column":2},"end":{"line":60,"column":59}}]},"7":{"loc":{"start":{"line":60,"column":6},"end":{"line":60,"column":47}},"type":"binary-expr","locations":[{"start":{"line":60,"column":6},"end":{"line":60,"column":31}},{"start":{"line":60,"column":35},"end":{"line":60,"column":47}}]},"8":{"loc":{"start":{"line":70,"column":48},"end":{"line":70,"column":60}},"type":"default-arg","locations":[{"start":{"line":70,"column":59},"end":{"line":70,"column":60}}]},"9":{"loc":{"start":{"line":71,"column":2},"end":{"line":71,"column":59}},"type":"if","locations":[{"start":{"line":71,"column":2},"end":{"line":71,"column":59}}]},"10":{"loc":{"start":{"line":71,"column":6},"end":{"line":71,"column":47}},"type":"binary-expr","locations":[{"start":{"line":71,"column":6},"end":{"line":71,"column":31}},{"start":{"line":71,"column":35},"end":{"line":71,"column":47}}]},"11":{"loc":{"start":{"line":82,"column":2},"end":{"line":82,"column":62}},"type":"if","locations":[{"start":{"line":82,"column":2},"end":{"line":82,"column":62}}]},"12":{"loc":{"start":{"line":82,"column":6},"end":{"line":82,"column":43}},"type":"binary-expr","locations":[{"start":{"line":82,"column":6},"end":{"line":82,"column":29}},{"start":{"line":82,"column":33},"end":{"line":82,"column":43}}]}},"s":{"0":0,"1":0,"2":0,"3":0,"4":0,"5":0,"6":0,"7":0,"8":0,"9":0,"10":0,"11":0,"12":0,"13":0,"14":0,"15":0,"16":0,"17":0,"18":0,"19":0,"20":0,"21":0,"22":0,"23":0,"24":0,"25":0,"26":0,"27":0,"28":0,"29":0},"f":{"0":0,"1":0,"2":0,"3":0,"4":0,"5":0,"6":0,"7":0},"b":{"0":[0],"1":[0],"2":[0],"3":[0],"4":[0],"5":[0],"6":[0],"7":[0,0],"8":[0],"9":[0],"10":[0,0],"11":[0],"12":[0,0]}}
,"/workspace/web_ui/src/utils/index.ts": {"path":"/workspace/web_ui/src/utils/index.ts","statementMap":{"0":{"start":{"line":2,"column":0},"end":{"line":2,"column":25}},"1":{"start":{"line":3,"column":0},"end":{"line":3,"column":23}},"2":{"start":{"line":4,"column":0},"end":{"line":4,"column":25}}},"fnMap":{},"branchMap":{},"s":{"0":0,"1":0,"2":0},"f":{},"b":{}}
,"/workspace/web_ui/src/utils/validation.ts": {"path":"/workspace/web_ui/src/utils/validation.ts","statementMap":{"0":{"start":{"line":1,"column":0},"end":{"line":1,"column":24}},"1":{"start":{"line":4,"column":13},"end":{"line":8,"column":3}}},"fnMap":{},"branchMap":{},"s":{"0":0,"1":0},"f":{},"b":{}}
}
