TN:
SF:src/App.tsx
FN:12,(anonymous_0)
FN:13,(anonymous_1)
FN:14,(anonymous_2)
FN:15,(anonymous_3)
FN:16,(anonymous_4)
FN:17,(anonymous_5)
FN:18,(anonymous_6)
FN:19,(anonymous_7)
FN:20,(anonymous_8)
FN:33,App
FN:51,(anonymous_10)
FN:61,(anonymous_11)
FN:62,(anonymous_12)
FN:80,(anonymous_13)
FN:83,(anonymous_14)
FN:86,(anonymous_15)
FN:109,(anonymous_16)
FN:120,(anonymous_17)
FN:122,(anonymous_18)
FN:132,(anonymous_19)
FN:140,(anonymous_20)
FNF:21
FNH:0
FNDA:0,(anonymous_0)
FNDA:0,(anonymous_1)
FNDA:0,(anonymous_2)
FNDA:0,(anonymous_3)
FNDA:0,(anonymous_4)
FNDA:0,(anonymous_5)
FNDA:0,(anonymous_6)
FNDA:0,(anonymous_7)
FNDA:0,(anonymous_8)
FNDA:0,App
FNDA:0,(anonymous_10)
FNDA:0,(anonymous_11)
FNDA:0,(anonymous_12)
FNDA:0,(anonymous_13)
FNDA:0,(anonymous_14)
FNDA:0,(anonymous_15)
FNDA:0,(anonymous_16)
FNDA:0,(anonymous_17)
FNDA:0,(anonymous_18)
FNDA:0,(anonymous_19)
FNDA:0,(anonymous_20)
DA:12,0
DA:13,0
DA:14,0
DA:15,0
DA:16,0
DA:17,0
DA:18,0
DA:19,0
DA:20,0
DA:38,0
DA:43,0
DA:51,0
DA:55,0
DA:56,0
DA:60,0
DA:61,0
DA:63,0
DA:64,0
DA:66,0
DA:69,0
DA:71,0
DA:72,0
DA:74,0
DA:77,0
DA:81,0
DA:84,0
DA:87,0
DA:88,0
DA:104,0
DA:109,0
DA:111,0
DA:114,0
DA:120,0
DA:122,0
DA:123,0
DA:127,0
DA:128,0
DA:129,0
DA:132,0
DA:140,0
DA:141,0
DA:142,0
DA:145,0
LF:43
LH:0
BRDA:66,0,0,0
BRDA:66,0,1,0
BRDA:69,1,0,0
BRDA:69,1,1,0
BRDA:72,2,0,0
BRDA:127,3,0,0
BRDA:141,4,0,0
BRDA:141,4,1,0
BRDA:147,5,0,0
BRDA:147,5,1,0
BRF:10
BRH:0
end_of_record
TN:
SF:src/MIGRATION_STATUS.ts
FN:112,(anonymous_0)
FN:120,(anonymous_1)
FNF:2
FNH:0
FNDA:0,(anonymous_0)
FNDA:0,(anonymous_1)
DA:12,0
DA:96,0
DA:112,0
DA:113,0
DA:119,0
DA:120,0
DA:122,0
DA:124,0
DA:131,0
LF:9
LH:0
BRF:0
BRH:0
end_of_record
TN:
SF:src/config-test.ts
FN:16,getThemeColor
FN:24,testConfiguration
FNF:2
FNH:0
FNDA:0,getThemeColor
FNDA:0,testConfiguration
DA:6,0
DA:9,0
DA:17,0
DA:18,0
DA:25,0
DA:36,0
DA:42,0
DA:43,0
DA:44,0
DA:47,0
LF:10
LH:0
BRDA:17,0,0,0
BRDA:17,1,0,0
BRDA:17,1,1,0
BRDA:18,2,0,0
BRDA:18,2,1,0
BRDA:42,3,0,0
BRF:6
BRH:0
end_of_record
TN:
SF:src/api/docsApi.ts
FN:45,fetchDocSearchStatus
FN:58,searchDocumentation
FNF:2
FNH:0
FNDA:0,fetchDocSearchStatus
FNDA:0,searchDocumentation
DA:10,0
DA:46,0
DA:47,0
DA:62,0
DA:63,0
DA:66,0
DA:67,0
DA:69,0
DA:70,0
DA:71,0
DA:74,0
LF:11
LH:0
BRDA:60,0,0,0
BRDA:62,1,0,0
BRDA:62,2,0,0
BRDA:62,2,1,0
BRDA:69,3,0,0
BRDA:71,4,0,0
BRDA:71,4,1,0
BRF:7
BRH:0
end_of_record
TN:
SF:src/api/endpoints.ts
FN:31,fetchAppHealth
FN:37,fetchCanStatus
FN:43,fetchLights
FN:48,(anonymous_3)
FN:73,(anonymous_4)
FN:85,setLightState
FN:98,setAllLights
FN:114,fetchDeviceMappings
FN:120,fetchRecentCanMessages
FN:131,fetchUnmappedEntries
FN:137,fetchUnknownPgns
FN:146,fetchRvcSpec
FN:152,fetchNetworkMap
FNF:13
FNH:0
FNDA:0,fetchAppHealth
FNDA:0,fetchCanStatus
FNDA:0,fetchLights
FNDA:0,(anonymous_3)
FNDA:0,(anonymous_4)
FNDA:0,setLightState
FNDA:0,setAllLights
FNDA:0,fetchDeviceMappings
FNDA:0,fetchRecentCanMessages
FNDA:0,fetchUnmappedEntries
FNDA:0,fetchUnknownPgns
FNDA:0,fetchRvcSpec
FNDA:0,fetchNetworkMap
DA:21,0
DA:24,0
DA:32,0
DA:33,0
DA:38,0
DA:39,0
DA:45,0
DA:46,0
DA:48,0
DA:49,0
DA:50,0
DA:51,0
DA:52,0
DA:53,0
DA:54,0
DA:56,0
DA:68,0
DA:69,0
DA:71,0
DA:73,0
DA:75,0
DA:90,0
DA:95,0
DA:100,0
DA:101,0
DA:102,0
DA:103,0
DA:104,0
DA:105,0
DA:110,0
DA:115,0
DA:116,0
DA:123,0
DA:127,0
DA:132,0
DA:133,0
DA:138,0
DA:142,0
DA:147,0
DA:148,0
DA:153,0
DA:154,0
LF:42
LH:0
BRDA:51,0,0,0
BRDA:51,0,1,0
BRDA:53,1,0,0
BRDA:53,2,0,0
BRDA:53,2,1,0
BRDA:57,3,0,0
BRDA:57,3,1,0
BRDA:57,3,2,0
BRDA:58,4,0,0
BRDA:58,4,1,0
BRDA:58,4,2,0
BRDA:58,4,3,0
BRDA:58,4,4,0
BRDA:59,5,0,0
BRDA:59,5,1,0
BRDA:60,6,0,0
BRDA:60,6,1,0
BRDA:61,7,0,0
BRDA:61,7,1,0
BRDA:62,8,0,0
BRDA:62,8,1,0
BRDA:62,8,2,0
BRDA:63,9,0,0
BRDA:63,9,1,0
BRDA:63,9,2,0
BRDA:64,10,0,0
BRDA:64,10,1,0
BRDA:68,11,0,0
BRDA:71,12,0,0
BRDA:71,13,0,0
BRDA:71,13,1,0
BRDA:104,14,0,0
BRDA:104,14,1,0
BRDA:121,15,0,0
BRF:34
BRH:0
end_of_record
TN:
SF:src/api/index.ts
FN:19,handleApiResponse
FNF:1
FNH:0
FNDA:0,handleApiResponse
DA:20,0
DA:21,0
DA:22,0
DA:24,0
LF:4
LH:0
BRDA:20,0,0,0
BRDA:22,1,0,0
BRDA:22,1,1,0
BRF:3
BRH:0
end_of_record
TN:
SF:src/components/Alert.tsx
FN:11,Alert
FNF:1
FNH:0
FNDA:0,Alert
DA:18,0
DA:37,0
DA:60,0
DA:66,0
LF:4
LH:0
BRDA:13,0,0,0
BRDA:15,1,0,0
BRDA:77,2,0,0
BRDA:77,2,1,0
BRDA:80,3,0,0
BRDA:80,3,1,0
BRF:6
BRH:0
end_of_record
TN:
SF:src/components/Badge.tsx
FN:11,Badge
FNF:1
FNH:0
FNDA:0,Badge
DA:18,0
DA:25,0
DA:32,0
DA:34,0
LF:4
LH:0
BRDA:12,0,0,0
BRDA:14,1,0,0
BRDA:27,2,0,0
BRDA:27,2,1,0
BRDA:32,3,0,0
BRDA:32,3,1,0
BRDA:32,4,0,0
BRDA:32,4,1,0
BRDA:36,5,0,0
BRDA:36,5,1,0
BRDA:45,6,0,0
BRDA:45,6,1,0
BRDA:45,6,2,0
BRF:13
BRH:0
end_of_record
TN:
SF:src/components/Button.tsx
FN:17,Button
FNF:1
FNH:1
FNDA:4,Button
DA:1,1
DA:2,1
DA:17,1
DA:28,4
DA:31,4
DA:41,4
DA:48,4
DA:53,0
DA:58,4
LF:9
LH:8
BRDA:18,0,0,3
BRDA:19,1,0,4
BRDA:21,2,0,4
BRDA:24,3,0,4
BRDA:41,4,0,4
BRDA:41,4,1,0
BRDA:41,5,0,4
BRDA:41,5,1,4
BRDA:41,5,2,0
BRDA:43,6,0,0
BRDA:43,6,1,0
BRDA:48,7,0,0
BRDA:49,8,0,4
BRDA:49,8,1,4
BRDA:49,8,2,0
BRDA:61,9,0,4
BRDA:61,9,1,4
BRDA:62,10,0,0
BRDA:62,10,1,4
BRDA:69,11,0,0
BRDA:69,11,1,4
BRF:21
BRH:13
end_of_record
TN:
SF:src/components/CanBusStatusPanel.tsx
FN:23,(anonymous_0)
FN:50,(anonymous_1)
FNF:2
FNH:0
FNDA:0,(anonymous_0)
FNDA:0,(anonymous_1)
DA:23,0
DA:24,0
DA:25,0
DA:28,0
DA:51,0
LF:5
LH:0
BRDA:24,0,0,0
BRDA:24,1,0,0
BRDA:24,1,1,0
BRDA:55,2,0,0
BRDA:55,2,1,0
BRDA:59,3,0,0
BRDA:59,3,1,0
BRDA:60,4,0,0
BRDA:60,4,1,0
BRDA:61,5,0,0
BRDA:61,5,1,0
BRDA:62,6,0,0
BRDA:62,6,1,0
BRDA:63,7,0,0
BRDA:63,7,1,0
BRDA:64,8,0,0
BRDA:64,8,1,0
BRDA:65,9,0,0
BRDA:65,9,1,0
BRDA:66,10,0,0
BRDA:66,10,1,0
BRDA:67,11,0,0
BRDA:67,11,1,0
BRF:23
BRH:0
end_of_record
TN:
SF:src/components/Card.tsx
FN:35,Card
FNF:1
FNH:0
FNDA:0,Card
DA:36,0
DA:37,0
LF:2
LH:0
BRDA:36,0,0,0
BRDA:49,1,0,0
BRDA:49,1,1,0
BRDA:50,2,0,0
BRDA:50,2,1,0
BRF:5
BRH:0
end_of_record
TN:
SF:src/components/DocSearch.tsx
FN:11,DocSearch
FN:19,(anonymous_1)
FN:26,(anonymous_2)
FN:31,(anonymous_3)
FN:37,(anonymous_4)
FN:93,(anonymous_5)
FNF:6
FNH:0
FNDA:0,DocSearch
FNDA:0,(anonymous_1)
FNDA:0,(anonymous_2)
FNDA:0,(anonymous_3)
FNDA:0,(anonymous_4)
FNDA:0,(anonymous_5)
DA:12,0
DA:13,0
DA:14,0
DA:15,0
DA:17,0
DA:19,0
DA:26,0
DA:27,0
DA:28,0
DA:29,0
DA:31,0
DA:32,0
DA:37,0
DA:38,0
DA:41,0
DA:94,0
LF:16
LH:0
BRDA:11,0,0,0
BRDA:17,1,0,0
BRDA:28,2,0,0
BRDA:65,3,0,0
BRDA:65,3,1,0
BRDA:65,3,2,0
BRDA:72,4,0,0
BRDA:72,4,1,0
BRDA:79,5,0,0
BRDA:79,5,1,0
BRDA:85,6,0,0
BRDA:85,6,1,0
BRDA:85,6,2,0
BRDA:85,6,3,0
BRDA:85,6,4,0
BRDA:91,7,0,0
BRDA:91,7,1,0
BRDA:103,8,0,0
BRDA:103,8,1,0
BRDA:104,9,0,0
BRDA:104,9,1,0
BRDA:106,10,0,0
BRDA:106,10,1,0
BRF:23
BRH:0
end_of_record
TN:
SF:src/components/ErrorBoundary.tsx
FN:14,(anonymous_1)
FN:19,(anonymous_2)
FN:24,(anonymous_3)
FN:29,(anonymous_4)
FN:38,(anonymous_5)
FNF:5
FNH:4
FNDA:10,(anonymous_1)
FNDA:8,(anonymous_2)
FNDA:4,(anonymous_3)
FNDA:18,(anonymous_4)
FNDA:0,(anonymous_5)
DA:1,1
DA:13,1
DA:15,10
DA:16,9
DA:20,8
DA:30,18
DA:31,9
DA:38,0
DA:46,9
DA:50,1
LF:10
LH:9
BRDA:30,0,0,9
BRDA:31,1,0,9
BRDA:31,1,1,9
BRF:3
BRH:3
end_of_record
TN:
SF:src/components/Footer.tsx
FN:21,(anonymous_0)
FN:26,(anonymous_1)
FN:28,(anonymous_2)
FN:29,(anonymous_3)
FN:34,(anonymous_4)
FN:35,(anonymous_5)
FN:39,(anonymous_6)
FNF:7
FNH:0
FNDA:0,(anonymous_0)
FNDA:0,(anonymous_1)
FNDA:0,(anonymous_2)
FNDA:0,(anonymous_3)
FNDA:0,(anonymous_4)
FNDA:0,(anonymous_5)
FNDA:0,(anonymous_6)
DA:21,0
DA:22,0
DA:23,0
DA:24,0
DA:26,0
DA:27,0
DA:28,0
DA:30,0
DA:32,0
DA:33,0
DA:34,0
DA:36,0
DA:37,0
DA:39,0
DA:42,0
DA:43,0
DA:44,0
DA:45,0
DA:46,0
DA:47,0
DA:62,0
DA:63,0
DA:67,0
LF:23
LH:0
BRDA:30,0,0,0
BRDA:30,0,1,0
BRDA:43,1,0,0
BRDA:43,1,1,0
BRDA:45,2,0,0
BRDA:45,3,0,0
BRDA:45,3,1,0
BRDA:46,4,0,0
BRDA:46,4,1,0
BRDA:46,5,0,0
BRDA:46,5,1,0
BRDA:51,6,0,0
BRDA:51,6,1,0
BRDA:62,7,0,0
BRDA:74,8,0,0
BRDA:74,8,1,0
BRF:16
BRH:0
end_of_record
TN:
SF:src/components/Header.tsx
FN:10,(anonymous_0)
FNF:1
FNH:0
FNDA:0,(anonymous_0)
DA:10,0
DA:11,0
LF:2
LH:0
BRDA:20,0,0,0
BRDA:20,0,1,0
BRDA:26,1,0,0
BRDA:26,1,1,0
BRDA:28,2,0,0
BRDA:28,2,1,0
BRF:6
BRH:0
end_of_record
TN:
SF:src/components/Loading.tsx
FN:12,Loading
FNF:1
FNH:0
FNDA:0,Loading
DA:19,0
DA:26,0
DA:38,0
DA:39,0
DA:43,0
DA:44,0
DA:56,0
LF:7
LH:0
BRDA:13,0,0,0
BRDA:14,1,0,0
BRDA:15,2,0,0
BRDA:16,3,0,0
BRDA:38,4,0,0
BRDA:38,5,0,0
BRDA:38,5,1,0
BRDA:38,5,2,0
BRDA:43,6,0,0
BRDA:48,7,0,0
BRDA:48,7,1,0
BRDA:59,8,0,0
BRDA:59,8,1,0
BRF:13
BRH:0
end_of_record
TN:
SF:src/components/LoadingSpinner.tsx
FN:3,LoadingSpinner
FNF:1
FNH:1
FNDA:5,LoadingSpinner
DA:1,1
DA:3,1
DA:4,5
DA:22,1
LF:4
LH:4
BRDA:17,0,0,5
BRDA:17,0,1,3
BRF:2
BRH:2
end_of_record
TN:
SF:src/components/Navbar.tsx
FN:26,Navbar
FN:45,(anonymous_1)
FN:60,(anonymous_2)
FN:112,(anonymous_3)
FN:125,(anonymous_4)
FNF:5
FNH:0
FNDA:0,Navbar
FNDA:0,(anonymous_1)
FNDA:0,(anonymous_2)
FNDA:0,(anonymous_3)
FNDA:0,(anonymous_4)
DA:27,0
DA:28,0
DA:31,0
DA:33,0
DA:45,0
DA:47,0
DA:61,0
DA:113,0
DA:125,0
LF:9
LH:0
BRDA:31,0,0,0
BRDA:31,0,1,0
BRDA:31,0,2,0
BRDA:66,1,0,0
BRDA:66,1,1,0
BRDA:70,2,0,0
BRDA:70,2,1,0
BRDA:84,3,0,0
BRDA:84,3,1,0
BRDA:96,4,0,0
BRDA:96,4,1,0
BRDA:106,5,0,0
BRDA:106,5,1,0
BRDA:118,6,0,0
BRDA:118,6,1,0
BRDA:122,7,0,0
BRDA:122,7,1,0
BRF:17
BRH:0
end_of_record
TN:
SF:src/components/SideNav.tsx
FN:67,SideNav
FN:81,(anonymous_1)
FN:84,(anonymous_2)
FN:89,(anonymous_3)
FN:90,(anonymous_4)
FN:98,(anonymous_5)
FN:102,(anonymous_6)
FN:113,(anonymous_7)
FN:122,(anonymous_8)
FN:129,(anonymous_9)
FN:154,handleMenuItemKeyDown
FN:173,(anonymous_11)
FN:179,(anonymous_12)
FN:179,(anonymous_13)
FN:180,(anonymous_14)
FN:260,(anonymous_15)
FN:263,(anonymous_16)
FN:269,(anonymous_17)
FN:277,(anonymous_18)
FN:293,(anonymous_19)
FNF:20
FNH:0
FNDA:0,SideNav
FNDA:0,(anonymous_1)
FNDA:0,(anonymous_2)
FNDA:0,(anonymous_3)
FNDA:0,(anonymous_4)
FNDA:0,(anonymous_5)
FNDA:0,(anonymous_6)
FNDA:0,(anonymous_7)
FNDA:0,(anonymous_8)
FNDA:0,(anonymous_9)
FNDA:0,handleMenuItemKeyDown
FNDA:0,(anonymous_11)
FNDA:0,(anonymous_12)
FNDA:0,(anonymous_13)
FNDA:0,(anonymous_14)
FNDA:0,(anonymous_15)
FNDA:0,(anonymous_16)
FNDA:0,(anonymous_17)
FNDA:0,(anonymous_18)
FNDA:0,(anonymous_19)
DA:47,0
DA:68,0
DA:69,0
DA:70,0
DA:71,0
DA:72,0
DA:73,0
DA:74,0
DA:75,0
DA:78,0
DA:81,0
DA:84,0
DA:85,0
DA:89,0
DA:90,0
DA:91,0
DA:92,0
DA:96,0
DA:97,0
DA:98,0
DA:102,0
DA:103,0
DA:104,0
DA:107,0
DA:108,0
DA:109,0
DA:110,0
DA:111,0
DA:112,0
DA:113,0
DA:114,0
DA:115,0
DA:116,0
DA:122,0
DA:123,0
DA:124,0
DA:129,0
DA:130,0
DA:131,0
DA:132,0
DA:133,0
DA:134,0
DA:137,0
DA:138,0
DA:139,0
DA:140,0
DA:141,0
DA:142,0
DA:145,0
DA:146,0
DA:147,0
DA:155,0
DA:156,0
DA:157,0
DA:158,0
DA:159,0
DA:160,0
DA:161,0
DA:162,0
DA:163,0
DA:164,0
DA:165,0
DA:166,0
DA:167,0
DA:168,0
DA:173,0
DA:174,0
DA:175,0
DA:179,0
DA:180,0
DA:182,0
DA:261,0
DA:263,0
DA:270,0
DA:271,0
DA:277,0
DA:293,0
LF:77
LH:0
BRDA:78,0,0,0
BRDA:78,0,1,0
BRDA:78,0,2,0
BRDA:91,1,0,0
BRDA:103,2,0,0
BRDA:108,3,0,0
BRDA:111,4,0,0
BRDA:115,5,0,0
BRDA:123,6,0,0
BRDA:123,7,0,0
BRDA:123,7,1,0
BRDA:130,8,0,0
BRDA:130,9,0,0
BRDA:130,9,1,0
BRDA:131,10,0,0
BRDA:131,10,1,0
BRDA:133,11,0,0
BRDA:139,12,0,0
BRDA:139,12,1,0
BRDA:140,13,0,0
BRDA:145,14,0,0
BRDA:155,15,0,0
BRDA:155,15,1,0
BRDA:159,16,0,0
BRDA:159,16,1,0
BRDA:163,17,0,0
BRDA:163,17,1,0
BRDA:166,18,0,0
BRDA:174,19,0,0
BRDA:174,20,0,0
BRDA:174,20,1,0
BRDA:191,21,0,0
BRDA:191,21,1,0
BRDA:194,22,0,0
BRDA:194,22,1,0
BRDA:196,23,0,0
BRDA:196,23,1,0
BRDA:212,24,0,0
BRDA:212,24,1,0
BRDA:218,25,0,0
BRDA:218,25,1,0
BRDA:235,26,0,0
BRDA:235,26,1,0
BRDA:236,27,0,0
BRDA:236,27,1,0
BRDA:239,28,0,0
BRDA:239,28,1,0
BRDA:267,29,0,0
BRDA:267,29,1,0
BRDA:274,30,0,0
BRDA:274,30,1,0
BRDA:279,31,0,0
BRDA:279,31,1,0
BRDA:295,32,0,0
BRDA:295,32,1,0
BRDA:297,33,0,0
BRDA:297,33,1,0
BRF:57
BRH:0
end_of_record
TN:
SF:src/components/SkeletonLoader.tsx
FN:26,SkeletonLoader
FN:35,(anonymous_1)
FN:50,(anonymous_2)
FN:58,(anonymous_3)
FNF:4
FNH:4
FNDA:11,SkeletonLoader
FNDA:19,(anonymous_1)
FNDA:6,(anonymous_2)
FNDA:11,(anonymous_3)
DA:1,1
DA:2,1
DA:26,1
DA:33,11
DA:35,11
DA:36,19
DA:38,11
DA:40,1
DA:42,5
DA:44,2
DA:46,0
DA:50,11
DA:55,11
DA:56,3
DA:59,11
DA:76,8
DA:77,2
DA:91,6
DA:99,1
LF:19
LH:18
BRDA:27,0,0,5
BRDA:31,1,0,8
BRDA:36,2,0,11
BRDA:36,2,1,1
BRDA:36,2,2,5
BRDA:36,2,3,2
BRDA:36,2,4,0
BRDA:51,3,0,1
BRDA:51,3,1,5
BRDA:52,4,0,1
BRDA:52,4,1,5
BRDA:55,5,0,3
BRDA:64,6,0,11
BRDA:64,6,1,3
BRDA:67,7,0,3
BRDA:67,7,1,8
BRDA:68,8,0,11
BRDA:68,8,1,11
BRDA:76,9,0,2
BRF:19
BRH:18
end_of_record
TN:
SF:src/components/ThemeSelector.tsx
FN:19,(anonymous_0)
FN:39,(anonymous_1)
FN:51,(anonymous_2)
FNF:3
FNH:0
FNDA:0,(anonymous_0)
FNDA:0,(anonymous_1)
FNDA:0,(anonymous_2)
DA:12,0
DA:19,0
DA:20,0
DA:22,0
DA:40,0
DA:41,0
DA:52,0
LF:7
LH:0
BRDA:54,0,0,0
BRDA:54,0,1,0
BRDA:54,1,0,0
BRDA:54,1,1,0
BRF:4
BRH:0
end_of_record
TN:
SF:src/components/Toggle.tsx
FN:14,Toggle
FN:44,(anonymous_1)
FN:76,(anonymous_2)
FNF:3
FNH:0
FNDA:0,Toggle
FNDA:0,(anonymous_1)
FNDA:0,(anonymous_2)
DA:24,0
DA:41,0
DA:44,0
DA:45,0
DA:46,0
DA:47,0
DA:48,0
DA:53,0
DA:55,0
DA:76,0
LF:10
LH:0
BRDA:17,0,0,0
BRDA:19,1,0,0
BRDA:20,2,0,0
BRDA:45,3,0,0
BRDA:46,4,0,0
BRDA:46,5,0,0
BRDA:46,5,1,0
BRDA:57,6,0,0
BRDA:57,6,1,0
BRDA:58,7,0,0
BRDA:58,7,1,0
BRDA:62,8,0,0
BRDA:62,8,1,0
BRDA:68,9,0,0
BRDA:68,9,1,0
BRDA:72,10,0,0
BRDA:72,10,1,0
BRDA:73,11,0,0
BRDA:73,11,1,0
BRDA:73,12,0,0
BRDA:73,12,1,0
BRDA:74,13,0,0
BRDA:74,13,1,0
BRDA:76,14,0,0
BRDA:76,14,1,0
BRDA:81,15,0,0
BRDA:81,15,1,0
BRDA:84,16,0,0
BRDA:84,16,1,0
BRDA:96,17,0,0
BRDA:96,17,1,0
BRDA:97,18,0,0
BRDA:97,18,1,0
BRF:33
BRH:0
end_of_record
TN:
SF:src/contexts/ThemeContext.tsx
FN:17,(anonymous_0)
FN:22,(anonymous_1)
FN:33,(anonymous_2)
FN:34,(anonymous_3)
FN:38,(anonymous_4)
FN:49,(anonymous_5)
FN:57,(anonymous_6)
FN:60,(anonymous_7)
FN:62,(anonymous_8)
FN:66,(anonymous_9)
FNF:10
FNH:0
FNDA:0,(anonymous_0)
FNDA:0,(anonymous_1)
FNDA:0,(anonymous_2)
FNDA:0,(anonymous_3)
FNDA:0,(anonymous_4)
FNDA:0,(anonymous_5)
FNDA:0,(anonymous_6)
FNDA:0,(anonymous_7)
FNDA:0,(anonymous_8)
FNDA:0,(anonymous_9)
DA:15,0
DA:17,0
DA:19,0
DA:22,0
DA:23,0
DA:24,0
DA:25,0
DA:26,0
DA:29,0
DA:30,0
DA:33,0
DA:34,0
DA:35,0
DA:36,0
DA:38,0
DA:42,0
DA:49,0
DA:50,0
DA:51,0
DA:52,0
DA:57,0
DA:58,0
DA:59,0
DA:60,0
DA:61,0
DA:62,0
DA:66,0
DA:67,0
DA:68,0
DA:70,0
DA:81,0
DA:82,0
DA:83,0
DA:85,0
DA:87,0
DA:90,0
DA:96,0
LF:37
LH:0
BRDA:19,0,0,0
BRDA:19,0,1,0
BRDA:23,1,0,0
BRDA:25,2,0,0
BRDA:25,3,0,0
BRDA:25,3,1,0
BRDA:25,3,2,0
BRDA:35,4,0,0
BRDA:35,5,0,0
BRDA:35,5,1,0
BRDA:36,6,0,0
BRDA:36,6,1,0
BRDA:42,7,0,0
BRDA:42,7,1,0
BRDA:44,8,0,0
BRDA:44,8,1,0
BRDA:51,9,0,0
BRDA:58,10,0,0
BRDA:58,11,0,0
BRDA:58,11,1,0
BRDA:60,12,0,0
BRDA:60,12,1,0
BRDA:67,13,0,0
BRDA:82,14,0,0
BRDA:82,14,1,0
BRF:25
BRH:0
end_of_record
TN:
SF:src/contexts/useTheme.ts
FN:9,(anonymous_0)
FNF:1
FNH:0
FNDA:0,(anonymous_0)
DA:9,0
DA:10,0
DA:11,0
DA:12,0
DA:14,0
LF:5
LH:0
BRDA:11,0,0,0
BRF:1
BRH:0
end_of_record
TN:
SF:src/hooks/useWebSocket.ts
FN:54,useWebSocket
FN:71,(anonymous_1)
FN:77,(anonymous_2)
FN:83,(anonymous_3)
FN:91,(anonymous_4)
FN:95,(anonymous_5)
FN:104,(anonymous_6)
FN:111,(anonymous_7)
FN:114,(anonymous_8)
FN:120,(anonymous_9)
FNF:10
FNH:0
FNDA:0,useWebSocket
FNDA:0,(anonymous_1)
FNDA:0,(anonymous_2)
FNDA:0,(anonymous_3)
FNDA:0,(anonymous_4)
FNDA:0,(anonymous_5)
FNDA:0,(anonymous_6)
FNDA:0,(anonymous_7)
FNDA:0,(anonymous_8)
FNDA:0,(anonymous_9)
DA:65,0
DA:66,0
DA:67,0
DA:68,0
DA:69,0
DA:71,0
DA:72,0
DA:73,0
DA:74,0
DA:75,0
DA:77,0
DA:78,0
DA:79,0
DA:80,0
DA:83,0
DA:85,0
DA:86,0
DA:89,0
DA:91,0
DA:92,0
DA:95,0
DA:96,0
DA:97,0
DA:98,0
DA:99,0
DA:100,0
DA:104,0
DA:105,0
DA:106,0
DA:107,0
DA:111,0
DA:112,0
DA:113,0
DA:114,0
DA:115,0
DA:116,0
DA:120,0
DA:121,0
DA:122,0
DA:128,0
LF:40
LH:0
BRDA:56,0,0,0
BRDA:58,1,0,0
BRDA:59,2,0,0
BRDA:98,3,0,0
BRDA:98,4,0,0
BRDA:98,4,1,0
BRDA:121,5,0,0
BRDA:121,6,0,0
BRDA:121,6,1,0
BRDA:123,7,0,0
BRDA:123,7,1,0
BRF:11
BRH:0
end_of_record
TN:
SF:src/layout/Layout.tsx
FN:11,(anonymous_0)
FNF:1
FNH:0
FNDA:0,(anonymous_0)
DA:11,0
DA:12,0
LF:2
LH:0
BRF:0
BRH:0
end_of_record
TN:
SF:src/pages/CanSniffer.tsx
FN:42,CanSniffer
FN:60,(anonymous_1)
FN:77,(anonymous_2)
FN:81,(anonymous_3)
FN:84,(anonymous_4)
FN:87,(anonymous_5)
FN:90,(anonymous_6)
FN:91,(anonymous_7)
FN:94,(anonymous_8)
FN:99,(anonymous_9)
FN:107,(anonymous_10)
FN:109,(anonymous_11)
FN:110,(anonymous_12)
FN:170,(anonymous_13)
FN:210,(anonymous_14)
FN:241,(anonymous_15)
FNF:16
FNH:0
FNDA:0,CanSniffer
FNDA:0,(anonymous_1)
FNDA:0,(anonymous_2)
FNDA:0,(anonymous_3)
FNDA:0,(anonymous_4)
FNDA:0,(anonymous_5)
FNDA:0,(anonymous_6)
FNDA:0,(anonymous_7)
FNDA:0,(anonymous_8)
FNDA:0,(anonymous_9)
FNDA:0,(anonymous_10)
FNDA:0,(anonymous_11)
FNDA:0,(anonymous_12)
FNDA:0,(anonymous_13)
FNDA:0,(anonymous_14)
FNDA:0,(anonymous_15)
DA:44,0
DA:47,0
DA:50,0
DA:53,0
DA:56,0
DA:58,0
DA:60,0
DA:61,0
DA:62,0
DA:63,0
DA:64,0
DA:65,0
DA:67,0
DA:68,0
DA:69,0
DA:71,0
DA:73,0
DA:77,0
DA:78,0
DA:81,0
DA:82,0
DA:84,0
DA:85,0
DA:87,0
DA:90,0
DA:91,0
DA:94,0
DA:95,0
DA:98,0
DA:100,0
DA:107,0
DA:108,0
DA:109,0
DA:110,0
DA:111,0
DA:115,0
DA:116,0
DA:117,0
DA:119,0
DA:120,0
DA:121,0
DA:122,0
DA:123,0
DA:124,0
DA:127,0
DA:170,0
DA:211,0
DA:241,0
LF:48
LH:0
BRDA:64,0,0,0
BRDA:71,1,0,0
BRDA:71,1,1,0
BRDA:82,2,0,0
BRDA:98,3,0,0
BRDA:98,3,1,0
BRDA:100,4,0,0
BRDA:100,4,1,0
BRDA:100,4,2,0
BRDA:100,4,3,0
BRDA:108,5,0,0
BRDA:108,5,1,0
BRDA:111,6,0,0
BRDA:111,6,1,0
BRDA:136,7,0,0
BRDA:136,7,1,0
BRDA:137,8,0,0
BRDA:137,8,1,0
BRDA:141,9,0,0
BRDA:141,9,1,0
BRDA:177,10,0,0
BRDA:177,10,1,0
BRDA:181,11,0,0
BRDA:181,11,1,0
BRDA:203,12,0,0
BRDA:203,12,1,0
BRDA:213,13,0,0
BRDA:213,13,1,0
BRDA:217,14,0,0
BRDA:217,14,1,0
BRDA:235,15,0,0
BRDA:235,15,1,0
BRF:32
BRH:0
end_of_record
TN:
SF:src/pages/Dashboard.tsx
FN:16,Dashboard
FN:32,(anonymous_1)
FN:38,(anonymous_2)
FN:42,(anonymous_3)
FN:43,(anonymous_4)
FNF:5
FNH:0
FNDA:0,Dashboard
FNDA:0,(anonymous_1)
FNDA:0,(anonymous_2)
FNDA:0,(anonymous_3)
FNDA:0,(anonymous_4)
DA:18,0
DA:21,0
DA:24,0
DA:27,0
DA:32,0
DA:33,0
DA:34,0
DA:37,0
DA:39,0
DA:40,0
DA:42,0
DA:43,0
DA:46,0
LF:13
LH:0
BRDA:68,0,0,0
BRDA:68,0,1,0
BRDA:69,1,0,0
BRDA:69,1,1,0
BRDA:73,2,0,0
BRDA:73,2,1,0
BRDA:83,3,0,0
BRDA:83,3,1,0
BRDA:83,4,0,0
BRDA:83,4,1,0
BRDA:85,5,0,0
BRDA:85,5,1,0
BRDA:87,6,0,0
BRDA:87,6,1,0
BRF:14
BRH:0
end_of_record
TN:
SF:src/pages/DeviceMapping.tsx
FN:15,DeviceMapping
FN:34,(anonymous_1)
FN:38,loadData
FN:54,(anonymous_3)
FN:57,(anonymous_4)
FN:62,(anonymous_5)
FN:71,(anonymous_6)
FN:80,renderSortIndicator
FN:88,handleSort
FN:111,(anonymous_9)
FN:122,(anonymous_10)
FN:134,(anonymous_11)
FN:164,(anonymous_12)
FN:165,(anonymous_13)
FN:166,(anonymous_14)
FN:167,(anonymous_15)
FN:168,(anonymous_16)
FN:180,(anonymous_17)
FNF:18
FNH:0
FNDA:0,DeviceMapping
FNDA:0,(anonymous_1)
FNDA:0,loadData
FNDA:0,(anonymous_3)
FNDA:0,(anonymous_4)
FNDA:0,(anonymous_5)
FNDA:0,(anonymous_6)
FNDA:0,renderSortIndicator
FNDA:0,handleSort
FNDA:0,(anonymous_9)
FNDA:0,(anonymous_10)
FNDA:0,(anonymous_11)
FNDA:0,(anonymous_12)
FNDA:0,(anonymous_13)
FNDA:0,(anonymous_14)
FNDA:0,(anonymous_15)
FNDA:0,(anonymous_16)
FNDA:0,(anonymous_17)
DA:17,0
DA:20,0
DA:23,0
DA:26,0
DA:29,0
DA:32,0
DA:34,0
DA:39,0
DA:40,0
DA:41,0
DA:42,0
DA:43,0
DA:45,0
DA:47,0
DA:51,0
DA:54,0
DA:55,0
DA:57,0
DA:61,0
DA:63,0
DA:64,0
DA:72,0
DA:73,0
DA:74,0
DA:75,0
DA:76,0
DA:81,0
DA:82,0
DA:89,0
DA:90,0
DA:92,0
DA:93,0
DA:97,0
DA:111,0
DA:122,0
DA:134,0
DA:164,0
DA:165,0
DA:166,0
DA:167,0
DA:168,0
DA:181,0
LF:42
LH:0
BRDA:45,0,0,0
BRDA:45,0,1,0
BRDA:65,1,0,0
BRDA:65,1,1,0
BRDA:65,1,2,0
BRDA:65,1,3,0
BRDA:72,2,0,0
BRDA:72,2,1,0
BRDA:73,3,0,0
BRDA:73,3,1,0
BRDA:74,4,0,0
BRDA:74,5,0,0
BRDA:74,5,1,0
BRDA:75,6,0,0
BRDA:75,7,0,0
BRDA:75,7,1,0
BRDA:81,8,0,0
BRDA:83,9,0,0
BRDA:83,9,1,0
BRDA:89,10,0,0
BRDA:89,10,1,0
BRDA:90,11,0,0
BRDA:90,11,1,0
BRDA:133,12,0,0
BRDA:133,12,1,0
BRDA:134,13,0,0
BRDA:134,13,1,0
BRDA:137,14,0,0
BRDA:137,14,1,0
BRDA:142,15,0,0
BRDA:142,15,1,0
BRDA:150,16,0,0
BRDA:150,16,1,0
BRDA:150,17,0,0
BRDA:150,17,1,0
BRDA:156,18,0,0
BRDA:156,18,1,0
BRDA:173,19,0,0
BRDA:173,19,1,0
BRDA:183,20,0,0
BRDA:183,20,1,0
BRDA:184,21,0,0
BRDA:184,21,1,0
BRDA:185,22,0,0
BRDA:185,22,1,0
BRDA:186,23,0,0
BRDA:186,23,1,0
BRDA:188,24,0,0
BRDA:188,24,1,0
BRF:49
BRH:0
end_of_record
TN:
SF:src/pages/DocumentationPage.tsx
FN:6,DocumentationPage
FN:18,(anonymous_1)
FNF:2
FNH:0
FNDA:0,DocumentationPage
FNDA:0,(anonymous_1)
DA:7,0
DA:10,0
DA:18,0
DA:19,0
DA:20,0
DA:21,0
DA:22,0
DA:26,0
LF:8
LH:0
BRDA:19,0,0,0
BRDA:19,0,1,0
BRDA:21,1,0,0
BRDA:35,2,0,0
BRDA:35,2,1,0
BRDA:39,3,0,0
BRDA:39,3,1,0
BRDA:52,4,0,0
BRDA:52,4,1,0
BRF:9
BRH:0
end_of_record
TN:
SF:src/pages/Lights.tsx
FN:26,Lights
FN:32,mapEntityToLight
FN:45,(anonymous_2)
FN:49,(anonymous_3)
FN:53,(anonymous_4)
FN:61,(anonymous_5)
FN:62,(anonymous_6)
FN:66,(anonymous_7)
FN:73,(anonymous_8)
FN:74,(anonymous_9)
FN:77,(anonymous_10)
FN:84,(anonymous_11)
FN:88,(anonymous_12)
FN:91,(anonymous_13)
FN:92,(anonymous_14)
FN:95,(anonymous_15)
FN:102,(anonymous_16)
FN:114,(anonymous_17)
FN:118,(anonymous_18)
FN:128,(anonymous_19)
FN:129,(anonymous_20)
FN:160,(anonymous_21)
FNF:22
FNH:0
FNDA:0,Lights
FNDA:0,mapEntityToLight
FNDA:0,(anonymous_2)
FNDA:0,(anonymous_3)
FNDA:0,(anonymous_4)
FNDA:0,(anonymous_5)
FNDA:0,(anonymous_6)
FNDA:0,(anonymous_7)
FNDA:0,(anonymous_8)
FNDA:0,(anonymous_9)
FNDA:0,(anonymous_10)
FNDA:0,(anonymous_11)
FNDA:0,(anonymous_12)
FNDA:0,(anonymous_13)
FNDA:0,(anonymous_14)
FNDA:0,(anonymous_15)
FNDA:0,(anonymous_16)
FNDA:0,(anonymous_17)
FNDA:0,(anonymous_18)
FNDA:0,(anonymous_19)
FNDA:0,(anonymous_20)
FNDA:0,(anonymous_21)
DA:27,0
DA:28,0
DA:29,0
DA:33,0
DA:45,0
DA:46,0
DA:47,0
DA:48,0
DA:51,0
DA:53,0
DA:54,0
DA:55,0
DA:56,0
DA:57,0
DA:59,0
DA:61,0
DA:62,0
DA:66,0
DA:67,0
DA:68,0
DA:69,0
DA:70,0
DA:72,0
DA:74,0
DA:75,0
DA:76,0
DA:77,0
DA:78,0
DA:81,0
DA:84,0
DA:88,0
DA:89,0
DA:90,0
DA:92,0
DA:93,0
DA:94,0
DA:95,0
DA:96,0
DA:99,0
DA:102,0
DA:105,0
DA:106,0
DA:108,0
DA:115,0
DA:119,0
DA:120,0
DA:121,0
DA:128,0
DA:130,0
DA:131,0
DA:132,0
DA:160,0
LF:52
LH:0
BRDA:35,0,0,0
BRDA:35,0,1,0
BRDA:35,0,2,0
BRDA:36,1,0,0
BRDA:36,1,1,0
BRDA:37,2,0,0
BRDA:37,2,1,0
BRDA:39,3,0,0
BRDA:39,3,1,0
BRDA:39,3,2,0
BRDA:40,4,0,0
BRDA:40,4,1,0
BRDA:54,5,0,0
BRDA:54,5,1,0
BRDA:55,6,0,0
BRDA:67,7,0,0
BRDA:67,7,1,0
BRDA:69,8,0,0
BRDA:69,9,0,0
BRDA:69,9,1,0
BRDA:78,10,0,0
BRDA:78,10,1,0
BRDA:96,11,0,0
BRDA:96,11,1,0
BRDA:105,12,0,0
BRDA:106,13,0,0
BRDA:111,14,0,0
BRDA:111,14,1,0
BRDA:130,15,0,0
BRDA:130,16,0,0
BRDA:130,16,1,0
BRDA:139,17,0,0
BRDA:139,17,1,0
BRDA:147,18,0,0
BRDA:147,18,1,0
BRDA:152,19,0,0
BRDA:152,19,1,0
BRDA:152,20,0,0
BRDA:152,20,1,0
BRDA:153,21,0,0
BRDA:153,21,1,0
BRDA:159,22,0,0
BRDA:159,22,1,0
BRDA:165,23,0,0
BRDA:165,23,1,0
BRF:45
BRH:0
end_of_record
TN:
SF:src/pages/NetworkMap.tsx
FN:14,NetworkMap
FN:32,hasXY
FN:41,(anonymous_2)
FN:42,loadData
FN:57,(anonymous_4)
FN:60,(anonymous_5)
FN:64,(anonymous_6)
FN:82,(anonymous_7)
FN:83,(anonymous_8)
FN:84,(anonymous_9)
FN:111,(anonymous_10)
FNF:11
FNH:0
FNDA:0,NetworkMap
FNDA:0,hasXY
FNDA:0,(anonymous_2)
FNDA:0,loadData
FNDA:0,(anonymous_4)
FNDA:0,(anonymous_5)
FNDA:0,(anonymous_6)
FNDA:0,(anonymous_7)
FNDA:0,(anonymous_8)
FNDA:0,(anonymous_9)
FNDA:0,(anonymous_10)
DA:16,0
DA:19,0
DA:22,0
DA:25,0
DA:28,0
DA:29,0
DA:33,0
DA:41,0
DA:43,0
DA:44,0
DA:45,0
DA:46,0
DA:47,0
DA:49,0
DA:51,0
DA:55,0
DA:57,0
DA:58,0
DA:60,0
DA:64,0
DA:65,0
DA:66,0
DA:67,0
DA:70,0
DA:73,0
DA:75,0
DA:78,0
DA:79,0
DA:81,0
DA:82,0
DA:83,0
DA:84,0
DA:85,0
DA:91,0
DA:94,0
DA:97,0
DA:100,0
DA:103,0
DA:104,0
DA:105,0
DA:106,0
DA:111,0
DA:112,0
DA:115,0
DA:118,0
DA:119,0
DA:120,0
DA:123,0
DA:124,0
DA:125,0
DA:126,0
DA:129,0
DA:130,0
DA:131,0
DA:132,0
DA:133,0
DA:138,0
LF:57
LH:0
BRDA:34,0,0,0
BRDA:34,0,1,0
BRDA:34,0,2,0
BRDA:34,0,3,0
BRDA:49,1,0,0
BRDA:49,1,1,0
BRDA:65,2,0,0
BRDA:65,3,0,0
BRDA:65,3,1,0
BRDA:67,4,0,0
BRDA:74,5,0,0
BRDA:74,5,1,0
BRDA:78,6,0,0
BRDA:78,7,0,0
BRDA:78,7,1,0
BRDA:80,8,0,0
BRDA:80,8,1,0
BRDA:85,9,0,0
BRDA:86,10,0,0
BRDA:86,10,1,0
BRDA:86,10,2,0
BRDA:86,10,3,0
BRDA:91,11,0,0
BRDA:91,11,1,0
BRDA:94,12,0,0
BRDA:94,12,1,0
BRDA:97,13,0,0
BRDA:97,13,1,0
BRDA:100,14,0,0
BRDA:100,14,1,0
BRDA:112,15,0,0
BRDA:112,15,1,0
BRDA:115,16,0,0
BRDA:115,16,1,0
BRDA:120,17,0,0
BRDA:120,17,1,0
BRDA:121,18,0,0
BRDA:121,18,1,0
BRDA:122,19,0,0
BRDA:122,19,1,0
BRDA:125,20,0,0
BRDA:125,20,1,0
BRDA:129,21,0,0
BRDA:129,21,1,0
BRDA:133,22,0,0
BRDA:133,22,1,0
BRDA:142,23,0,0
BRDA:142,23,1,0
BRDA:143,24,0,0
BRDA:143,24,1,0
BRF:50
BRH:0
end_of_record
TN:
SF:src/pages/RvcSpec.tsx
FN:15,RvcSpec
FN:27,(anonymous_1)
FN:28,loadData
FN:63,(anonymous_3)
FN:68,(anonymous_4)
FN:73,(anonymous_5)
FNF:6
FNH:0
FNDA:0,RvcSpec
FNDA:0,(anonymous_1)
FNDA:0,loadData
FNDA:0,(anonymous_3)
FNDA:0,(anonymous_4)
FNDA:0,(anonymous_5)
DA:17,0
DA:19,0
DA:21,0
DA:23,0
DA:25,0
DA:27,0
DA:29,0
DA:30,0
DA:31,0
DA:32,0
DA:33,0
DA:35,0
DA:37,0
DA:40,0
DA:44,0
DA:53,0
DA:63,0
DA:69,0
DA:73,0
LF:19
LH:0
BRDA:35,0,0,0
BRDA:35,0,1,0
BRDA:71,1,0,0
BRDA:71,1,1,0
BRDA:74,2,0,0
BRDA:74,2,1,0
BRDA:80,3,0,0
BRDA:80,3,1,0
BRDA:81,4,0,0
BRDA:81,4,1,0
BRDA:86,5,0,0
BRDA:86,5,1,0
BRDA:86,5,2,0
BRF:13
BRH:0
end_of_record
TN:
SF:src/pages/UnknownPgns.tsx
FN:15,UnknownPgns
FN:25,(anonymous_1)
FN:29,loadData
FN:44,(anonymous_3)
FN:47,(anonymous_4)
FN:82,(anonymous_5)
FNF:6
FNH:0
FNDA:0,UnknownPgns
FNDA:0,(anonymous_1)
FNDA:0,loadData
FNDA:0,(anonymous_3)
FNDA:0,(anonymous_4)
FNDA:0,(anonymous_5)
DA:17,0
DA:20,0
DA:23,0
DA:25,0
DA:30,0
DA:31,0
DA:32,0
DA:33,0
DA:34,0
DA:36,0
DA:38,0
DA:42,0
DA:44,0
DA:45,0
DA:47,0
DA:50,0
DA:51,0
DA:54,0
DA:83,0
LF:19
LH:0
BRDA:36,0,0,0
BRDA:36,0,1,0
BRDA:50,1,0,0
BRDA:50,2,0,0
BRDA:50,2,1,0
BRDA:61,3,0,0
BRDA:61,3,1,0
BRDA:66,4,0,0
BRDA:66,4,1,0
BRDA:66,4,2,0
BRDA:66,4,3,0
BRDA:69,5,0,0
BRDA:69,5,1,0
BRDA:69,5,2,0
BRDA:87,6,0,0
BRDA:87,6,1,0
BRDA:88,7,0,0
BRDA:88,7,1,0
BRDA:89,8,0,0
BRDA:89,8,1,0
BRDA:90,9,0,0
BRDA:90,9,1,0
BRDA:90,10,0,0
BRDA:90,10,1,0
BRF:24
BRH:0
end_of_record
TN:
SF:src/pages/UnmappedEntries.tsx
FN:15,UnmappedEntries
FN:25,(anonymous_1)
FN:29,loadData
FN:44,(anonymous_3)
FN:47,(anonymous_4)
FN:82,(anonymous_5)
FN:92,(anonymous_6)
FNF:7
FNH:0
FNDA:0,UnmappedEntries
FNDA:0,(anonymous_1)
FNDA:0,loadData
FNDA:0,(anonymous_3)
FNDA:0,(anonymous_4)
FNDA:0,(anonymous_5)
FNDA:0,(anonymous_6)
DA:17,0
DA:20,0
DA:23,0
DA:25,0
DA:30,0
DA:31,0
DA:32,0
DA:33,0
DA:34,0
DA:36,0
DA:38,0
DA:42,0
DA:44,0
DA:45,0
DA:47,0
DA:50,0
DA:51,0
DA:54,0
DA:83,0
DA:92,0
LF:20
LH:0
BRDA:36,0,0,0
BRDA:36,0,1,0
BRDA:50,1,0,0
BRDA:50,2,0,0
BRDA:50,2,1,0
BRDA:61,3,0,0
BRDA:61,3,1,0
BRDA:66,4,0,0
BRDA:66,4,1,0
BRDA:66,4,2,0
BRDA:66,4,3,0
BRDA:69,5,0,0
BRDA:69,5,1,0
BRDA:69,5,2,0
BRDA:85,6,0,0
BRDA:85,6,1,0
BRDA:87,7,0,0
BRDA:87,7,1,0
BRDA:88,8,0,0
BRDA:88,8,1,0
BRDA:89,9,0,0
BRDA:89,9,1,0
BRDA:91,10,0,0
BRDA:91,10,1,0
BRDA:91,11,0,0
BRDA:91,11,1,0
BRDA:83,12,0,0
BRDA:83,12,1,0
BRF:28
BRH:0
end_of_record
TN:
SF:src/utils/date.ts
FN:8,formatDate
FN:30,timeAgo
FNF:2
FNH:0
FNDA:0,formatDate
FNDA:0,timeAgo
DA:9,0
DA:10,0
DA:11,0
DA:20,0
DA:21,0
DA:31,0
DA:32,0
DA:33,0
DA:34,0
DA:36,0
DA:37,0
DA:40,0
DA:41,0
DA:42,0
DA:45,0
DA:46,0
DA:47,0
DA:50,0
DA:51,0
DA:52,0
DA:55,0
DA:56,0
DA:57,0
DA:60,0
DA:61,0
DA:63,0
DA:64,0
LF:27
LH:0
BRDA:36,0,0,0
BRDA:37,1,0,0
BRDA:37,1,1,0
BRDA:41,2,0,0
BRDA:42,3,0,0
BRDA:42,3,1,0
BRDA:46,4,0,0
BRDA:47,5,0,0
BRDA:47,5,1,0
BRDA:51,6,0,0
BRDA:52,7,0,0
BRDA:52,7,1,0
BRDA:56,8,0,0
BRDA:57,9,0,0
BRDA:57,9,1,0
BRDA:61,10,0,0
BRDA:61,10,1,0
BRF:17
BRH:0
end_of_record
TN:
SF:src/utils/env.ts
FN:23,(anonymous_0)
FN:88,(anonymous_1)
FN:108,(anonymous_2)
FN:116,(anonymous_3)
FN:124,(anonymous_4)
FNF:5
FNH:3
FNDA:1,(anonymous_0)
FNDA:1,(anonymous_1)
FNDA:0,(anonymous_2)
FNDA:0,(anonymous_3)
FNDA:1,(anonymous_4)
DA:23,1
DA:25,1
DA:26,1
DA:39,0
DA:41,0
DA:42,0
DA:43,0
DA:48,0
DA:49,0
DA:58,0
DA:59,0
DA:74,0
DA:88,1
DA:89,1
DA:92,1
DA:93,1
DA:97,0
DA:98,0
DA:102,0
DA:108,1
DA:109,0
DA:110,0
DA:116,1
DA:117,0
DA:118,0
DA:124,1
DA:125,1
LF:27
LH:11
BRDA:25,0,0,1
BRDA:25,1,0,1
BRDA:25,1,1,1
BRDA:25,1,2,0
BRDA:30,2,0,1
BRDA:30,2,1,0
BRDA:42,3,0,0
BRDA:48,4,0,0
BRDA:48,4,1,0
BRDA:58,5,0,0
BRDA:58,6,0,0
BRDA:58,6,1,0
BRDA:63,7,0,0
BRDA:63,7,1,0
BRDA:64,8,0,0
BRDA:64,8,1,0
BRDA:92,9,0,1
BRDA:97,10,0,0
BRDA:102,11,0,0
BRDA:102,11,1,0
BRDA:110,12,0,0
BRDA:110,12,1,0
BRDA:118,13,0,0
BRDA:118,13,1,0
BRDA:125,14,0,1
BRDA:125,14,1,1
BRF:26
BRH:7
end_of_record
TN:
SF:src/utils/format.ts
FN:9,toHex
FN:18,bytesToHexString
FN:20,(anonymous_2)
FN:30,formatFileSize
FN:47,truncate
FN:59,formatNumber
FN:70,formatPercentage
FN:81,formatHexColor
FNF:8
FNH:0
FNDA:0,toHex
FNDA:0,bytesToHexString
FNDA:0,(anonymous_2)
FNDA:0,formatFileSize
FNDA:0,truncate
FNDA:0,formatNumber
FNDA:0,formatPercentage
FNDA:0,formatHexColor
DA:10,0
DA:19,0
DA:20,0
DA:31,0
DA:33,0
DA:34,0
DA:35,0
DA:36,0
DA:48,0
DA:49,0
DA:50,0
DA:60,0
DA:61,0
DA:71,0
DA:72,0
DA:82,0
DA:83,0
LF:17
LH:0
BRDA:9,0,0,0
BRDA:30,1,0,0
BRDA:31,2,0,0
BRDA:47,3,0,0
BRDA:48,4,0,0
BRDA:49,5,0,0
BRDA:60,6,0,0
BRDA:60,7,0,0
BRDA:60,7,1,0
BRDA:70,8,0,0
BRDA:71,9,0,0
BRDA:71,10,0,0
BRDA:71,10,1,0
BRDA:82,11,0,0
BRDA:82,12,0,0
BRDA:82,12,1,0
BRF:16
BRH:0
end_of_record
TN:
SF:src/utils/validation.ts
FNF:0
FNH:0
DA:4,0
LF:1
LH:0
BRF:0
BRH:0
end_of_record
